<?xml version="1.0" encoding="UTF-8"?>
<coverage generated="1785771104342" clover="3.2.0">
  <project timestamp="1785771104342" name="All files">
    <metrics statements="468" coveredstatements="405" conditionals="159" coveredconditionals="135" methods="33" coveredmethods="25" elements="660" coveredelements="565" complexity="0" loc="468" ncloc="468" packages="7" files="23" classes="23"/>
    <package name="src">
      <metrics statements="22" coveredstatements="22" conditionals="0" coveredconditionals="0" methods="1" coveredmethods="1"/>
      <file name="app.js" path="/home/zero/Escritorio/INA/2026-1/1 - Proyecto Final/Proyecto Web/src/app.js">
        <metrics statements="22" coveredstatements="22" conditionals="0" coveredconditionals="0" methods="1" coveredmethods="1"/>
        <line num="1" count="55" type="stmt"/>
        <line num="2" count="55" type="stmt"/>
        <line num="3" count="55" type="stmt"/>
        <line num="4" count="55" type="stmt"/>
        <line num="7" count="55" type="stmt"/>
        <line num="8" count="55" type="stmt"/>
        <line num="9" count="55" type="stmt"/>
        <line num="10" count="55" type="stmt"/>
        <line num="11" count="55" type="stmt"/>
        <line num="12" count="55" type="stmt"/>
        <line num="15" count="55" type="stmt"/>
        <line num="16" count="55" type="stmt"/>
        <line num="19" count="55" type="stmt"/>
        <line num="20" count="55" type="stmt"/>
        <line num="21" count="55" type="stmt"/>
        <line num="22" count="55" type="stmt"/>
        <line num="23" count="55" type="stmt"/>
        <line num="24" count="55" type="stmt"/>
        <line num="27" count="55" type="stmt"/>
        <line num="28" count="1" type="stmt"/>
        <line num="32" count="55" type="stmt"/>
        <line num="35" count="55" type="stmt"/>
      </file>
    </package>
    <package name="src.config">
      <metrics statements="44" coveredstatements="11" conditionals="6" coveredconditionals="2" methods="2" coveredmethods="0"/>
      <file name="database.js" path="/home/zero/Escritorio/INA/2026-1/1 - Proyecto Final/Proyecto Web/src/config/database.js">
        <metrics statements="44" coveredstatements="11" conditionals="6" coveredconditionals="2" methods="2" coveredmethods="0"/>
        <line num="1" count="59" type="stmt"/>
        <line num="2" count="59" type="stmt"/>
        <line num="3" count="59" type="stmt"/>
        <line num="4" count="59" type="stmt"/>
        <line num="7" count="59" type="stmt"/>
        <line num="17" count="59" type="cond" truecount="1" falsecount="1"/>
        <line num="18" count="59" type="stmt"/>
        <line num="19" count="59" type="stmt"/>
        <line num="29" count="0" type="stmt"/>
        <line num="30" count="0" type="stmt"/>
        <line num="48" count="59" type="stmt"/>
        <line num="49" count="0" type="stmt"/>
        <line num="50" count="0" type="stmt"/>
        <line num="51" count="0" type="stmt"/>
        <line num="53" count="0" type="stmt"/>
        <line num="54" count="0" type="stmt"/>
        <line num="61" count="59" type="stmt"/>
        <line num="63" count="0" type="cond" truecount="0" falsecount="2"/>
        <line num="64" count="0" type="stmt"/>
        <line num="70" count="0" type="stmt"/>
        <line num="72" count="0" type="stmt"/>
        <line num="74" count="0" type="stmt"/>
        <line num="81" count="0" type="stmt"/>
        <line num="88" count="0" type="stmt"/>
        <line num="95" count="0" type="stmt"/>
        <line num="103" count="0" type="stmt"/>
        <line num="105" count="0" type="stmt"/>
        <line num="106" count="0" type="stmt"/>
        <line num="112" count="0" type="stmt"/>
        <line num="118" count="0" type="stmt"/>
        <line num="124" count="0" type="stmt"/>
        <line num="131" count="0" type="stmt"/>
        <line num="134" count="0" type="stmt"/>
        <line num="136" count="0" type="stmt"/>
        <line num="137" count="0" type="stmt"/>
        <line num="139" count="0" type="stmt"/>
        <line num="142" count="0" type="stmt"/>
        <line num="144" count="0" type="stmt"/>
        <line num="145" count="0" type="stmt"/>
        <line num="147" count="0" type="stmt"/>
        <line num="148" count="0" type="stmt"/>
        <line num="150" count="0" type="stmt"/>
        <line num="153" count="0" type="stmt"/>
        <line num="157" count="59" type="stmt"/>
      </file>
    </package>
    <package name="src.controllers">
      <metrics statements="282" coveredstatements="262" conditionals="130" coveredconditionals="123" methods="21" coveredmethods="19"/>
      <file name="auth.controller.js" path="/home/zero/Escritorio/INA/2026-1/1 - Proyecto Final/Proyecto Web/src/controllers/auth.controller.js">
        <metrics statements="63" coveredstatements="63" conditionals="48" coveredconditionals="46" methods="3" coveredmethods="3"/>
        <line num="2" count="57" type="stmt"/>
        <line num="3" count="57" type="stmt"/>
        <line num="5" count="57" type="stmt"/>
        <line num="7" count="11" type="stmt"/>
        <line num="9" count="11" type="stmt"/>
        <line num="11" count="11" type="stmt"/>
        <line num="13" count="11" type="cond" truecount="6" falsecount="0"/>
        <line num="14" count="1" type="stmt"/>
        <line num="15" count="1" type="stmt"/>
        <line num="22" count="10" type="cond" truecount="3" falsecount="1"/>
        <line num="23" count="6" type="cond" truecount="4" falsecount="0"/>
        <line num="24" count="1" type="stmt"/>
        <line num="25" count="1" type="stmt"/>
        <line num="33" count="9" type="cond" truecount="2" falsecount="0"/>
        <line num="34" count="4" type="cond" truecount="4" falsecount="0"/>
        <line num="35" count="1" type="stmt"/>
        <line num="36" count="1" type="stmt"/>
        <line num="44" count="8" type="stmt"/>
        <line num="49" count="7" type="cond" truecount="2" falsecount="0"/>
        <line num="50" count="1" type="stmt"/>
        <line num="51" count="1" type="stmt"/>
        <line num="58" count="6" type="cond" truecount="3" falsecount="1"/>
        <line num="60" count="3" type="stmt"/>
        <line num="65" count="3" type="cond" truecount="2" falsecount="0"/>
        <line num="66" count="1" type="stmt"/>
        <line num="67" count="1" type="stmt"/>
        <line num="73" count="2" type="stmt"/>
        <line num="84" count="2" type="cond" truecount="4" falsecount="0"/>
        <line num="85" count="2" type="stmt"/>
        <line num="90" count="1" type="stmt"/>
        <line num="96" count="2" type="stmt"/>
        <line num="98" count="2" type="stmt"/>
        <line num="111" count="3" type="stmt"/>
        <line num="119" count="3" type="cond" truecount="2" falsecount="0"/>
        <line num="120" count="1" type="stmt"/>
        <line num="121" count="1" type="stmt"/>
        <line num="127" count="2" type="cond" truecount="2" falsecount="0"/>
        <line num="128" count="1" type="stmt"/>
        <line num="129" count="1" type="stmt"/>
        <line num="136" count="1" type="stmt"/>
        <line num="148" count="1" type="stmt"/>
        <line num="150" count="1" type="stmt"/>
        <line num="152" count="1" type="stmt"/>
        <line num="154" count="1" type="stmt"/>
        <line num="168" count="1" type="stmt"/>
        <line num="169" count="1" type="stmt"/>
        <line num="170" count="1" type="stmt"/>
        <line num="180" count="57" type="stmt"/>
        <line num="181" count="6" type="stmt"/>
        <line num="183" count="6" type="stmt"/>
        <line num="185" count="6" type="cond" truecount="4" falsecount="0"/>
        <line num="186" count="1" type="stmt"/>
        <line num="189" count="5" type="stmt"/>
        <line num="192" count="4" type="cond" truecount="2" falsecount="0"/>
        <line num="193" count="1" type="stmt"/>
        <line num="200" count="3" type="cond" truecount="2" falsecount="0"/>
        <line num="201" count="1" type="stmt"/>
        <line num="208" count="2" type="stmt"/>
        <line num="210" count="2" type="cond" truecount="2" falsecount="0"/>
        <line num="211" count="1" type="stmt"/>
        <line num="214" count="1" type="stmt"/>
        <line num="226" count="1" type="stmt"/>
        <line num="227" count="1" type="stmt"/>
      </file>
      <file name="carer.controller.js" path="/home/zero/Escritorio/INA/2026-1/1 - Proyecto Final/Proyecto Web/src/controllers/carer.controller.js">
        <metrics statements="15" coveredstatements="6" conditionals="4" coveredconditionals="0" methods="2" coveredmethods="1"/>
        <line num="1" count="55" type="stmt"/>
        <line num="4" count="55" type="stmt"/>
        <line num="5" count="1" type="stmt"/>
        <line num="6" count="1" type="stmt"/>
        <line num="10" count="1" type="stmt"/>
        <line num="12" count="0" type="stmt"/>
        <line num="13" count="0" type="stmt"/>
        <line num="18" count="55" type="stmt"/>
        <line num="19" count="0" type="stmt"/>
        <line num="20" count="0" type="stmt"/>
        <line num="29" count="0" type="cond" truecount="0" falsecount="4"/>
        <line num="30" count="0" type="stmt"/>
        <line num="33" count="0" type="stmt"/>
        <line num="35" count="0" type="stmt"/>
        <line num="36" count="0" type="stmt"/>
      </file>
      <file name="device.controller.js" path="/home/zero/Escritorio/INA/2026-1/1 - Proyecto Final/Proyecto Web/src/controllers/device.controller.js">
        <metrics statements="85" coveredstatements="81" conditionals="38" coveredconditionals="37" methods="7" coveredmethods="7"/>
        <line num="1" count="55" type="stmt"/>
        <line num="7" count="55" type="stmt"/>
        <line num="9" count="1" type="stmt"/>
        <line num="10" count="1" type="stmt"/>
        <line num="18" count="1" type="stmt"/>
        <line num="21" count="0" type="stmt"/>
        <line num="22" count="0" type="stmt"/>
        <line num="34" count="55" type="stmt"/>
        <line num="36" count="3" type="stmt"/>
        <line num="37" count="3" type="stmt"/>
        <line num="44" count="3" type="cond" truecount="2" falsecount="0"/>
        <line num="45" count="2" type="stmt"/>
        <line num="50" count="1" type="stmt"/>
        <line num="53" count="0" type="stmt"/>
        <line num="54" count="0" type="stmt"/>
        <line num="66" count="55" type="stmt"/>
        <line num="68" count="5" type="stmt"/>
        <line num="69" count="5" type="stmt"/>
        <line num="72" count="5" type="stmt"/>
        <line num="76" count="5" type="cond" truecount="2" falsecount="0"/>
        <line num="77" count="1" type="stmt"/>
        <line num="84" count="4" type="cond" truecount="2" falsecount="0"/>
        <line num="86" count="2" type="stmt"/>
        <line num="88" count="2" type="cond" truecount="2" falsecount="0"/>
        <line num="89" count="1" type="stmt"/>
        <line num="96" count="3" type="stmt"/>
        <line num="103" count="2" type="stmt"/>
        <line num="106" count="1" type="stmt"/>
        <line num="107" count="1" type="stmt"/>
        <line num="119" count="55" type="stmt"/>
        <line num="121" count="5" type="stmt"/>
        <line num="122" count="5" type="stmt"/>
        <line num="124" count="4" type="cond" truecount="2" falsecount="0"/>
        <line num="125" count="1" type="stmt"/>
        <line num="131" count="3" type="stmt"/>
        <line num="133" count="3" type="cond" truecount="2" falsecount="0"/>
        <line num="134" count="2" type="stmt"/>
        <line num="140" count="2" type="cond" truecount="4" falsecount="0"/>
        <line num="141" count="1" type="stmt"/>
        <line num="148" count="2" type="cond" truecount="2" falsecount="0"/>
        <line num="149" count="2" type="cond" truecount="1" falsecount="1"/>
        <line num="150" count="2" type="cond" truecount="2" falsecount="0"/>
        <line num="151" count="2" type="cond" truecount="2" falsecount="0"/>
        <line num="153" count="2" type="stmt"/>
        <line num="155" count="2" type="stmt"/>
        <line num="158" count="1" type="stmt"/>
        <line num="159" count="1" type="stmt"/>
        <line num="170" count="55" type="stmt"/>
        <line num="172" count="5" type="stmt"/>
        <line num="173" count="5" type="stmt"/>
        <line num="175" count="4" type="cond" truecount="2" falsecount="0"/>
        <line num="176" count="1" type="stmt"/>
        <line num="182" count="3" type="stmt"/>
        <line num="184" count="3" type="cond" truecount="2" falsecount="0"/>
        <line num="185" count="1" type="stmt"/>
        <line num="191" count="2" type="cond" truecount="4" falsecount="0"/>
        <line num="192" count="1" type="stmt"/>
        <line num="198" count="1" type="stmt"/>
        <line num="199" count="1" type="stmt"/>
        <line num="201" count="1" type="stmt"/>
        <line num="203" count="1" type="stmt"/>
        <line num="209" count="1" type="stmt"/>
        <line num="210" count="1" type="stmt"/>
        <line num="221" count="55" type="stmt"/>
        <line num="223" count="3" type="stmt"/>
        <line num="224" count="3" type="stmt"/>
        <line num="226" count="2" type="cond" truecount="2" falsecount="0"/>
        <line num="227" count="1" type="stmt"/>
        <line num="233" count="1" type="stmt"/>
        <line num="234" count="1" type="stmt"/>
        <line num="236" count="1" type="stmt"/>
        <line num="238" count="1" type="stmt"/>
        <line num="243" count="1" type="stmt"/>
        <line num="244" count="1" type="stmt"/>
        <line num="256" count="55" type="stmt"/>
        <line num="258" count="4" type="stmt"/>
        <line num="259" count="4" type="stmt"/>
        <line num="261" count="3" type="cond" truecount="2" falsecount="0"/>
        <line num="262" count="1" type="stmt"/>
        <line num="268" count="2" type="cond" truecount="2" falsecount="0"/>
        <line num="269" count="1" type="stmt"/>
        <line num="275" count="1" type="stmt"/>
        <line num="277" count="1" type="stmt"/>
        <line num="282" count="1" type="stmt"/>
        <line num="283" count="1" type="stmt"/>
      </file>
      <file name="health.controller.js" path="/home/zero/Escritorio/INA/2026-1/1 - Proyecto Final/Proyecto Web/src/controllers/health.controller.js">
        <metrics statements="36" coveredstatements="34" conditionals="8" coveredconditionals="8" methods="3" coveredmethods="3"/>
        <line num="1" count="55" type="stmt"/>
        <line num="2" count="55" type="stmt"/>
        <line num="3" count="55" type="stmt"/>
        <line num="5" count="55" type="stmt"/>
        <line num="6" count="7" type="stmt"/>
        <line num="7" count="7" type="stmt"/>
        <line num="18" count="7" type="stmt"/>
        <line num="23" count="7" type="stmt"/>
        <line num="38" count="6" type="cond" truecount="2" falsecount="0"/>
        <line num="39" count="1" type="stmt"/>
        <line num="49" count="5" type="cond" truecount="2" falsecount="0"/>
        <line num="50" count="1" type="stmt"/>
        <line num="60" count="4" type="stmt"/>
        <line num="61" count="4" type="stmt"/>
        <line num="65" count="4" type="stmt"/>
        <line num="78" count="4" type="stmt"/>
        <line num="83" count="4" type="cond" truecount="4" falsecount="0"/>
        <line num="84" count="2" type="stmt"/>
        <line num="93" count="4" type="stmt"/>
        <line num="94" count="4" type="stmt"/>
        <line num="96" count="4" type="stmt"/>
        <line num="103" count="1" type="stmt"/>
        <line num="105" count="1" type="stmt"/>
        <line num="113" count="55" type="stmt"/>
        <line num="114" count="3" type="stmt"/>
        <line num="115" count="3" type="stmt"/>
        <line num="118" count="3" type="stmt"/>
        <line num="123" count="2" type="stmt"/>
        <line num="126" count="1" type="stmt"/>
        <line num="127" count="1" type="stmt"/>
        <line num="135" count="55" type="stmt"/>
        <line num="136" count="1" type="stmt"/>
        <line num="137" count="1" type="stmt"/>
        <line num="149" count="1" type="stmt"/>
        <line num="152" count="0" type="stmt"/>
        <line num="153" count="0" type="stmt"/>
      </file>
      <file name="illness.controller.js" path="/home/zero/Escritorio/INA/2026-1/1 - Proyecto Final/Proyecto Web/src/controllers/illness.controller.js">
        <metrics statements="7" coveredstatements="2" conditionals="0" coveredconditionals="0" methods="1" coveredmethods="0"/>
        <line num="1" count="55" type="stmt"/>
        <line num="3" count="55" type="stmt"/>
        <line num="5" count="0" type="stmt"/>
        <line num="6" count="0" type="stmt"/>
        <line num="9" count="0" type="stmt"/>
        <line num="12" count="0" type="stmt"/>
        <line num="13" count="0" type="stmt"/>
      </file>
      <file name="user.controller.js" path="/home/zero/Escritorio/INA/2026-1/1 - Proyecto Final/Proyecto Web/src/controllers/user.controller.js">
        <metrics statements="76" coveredstatements="76" conditionals="32" coveredconditionals="32" methods="5" coveredmethods="5"/>
        <line num="2" count="55" type="stmt"/>
        <line num="3" count="55" type="stmt"/>
        <line num="6" count="55" type="stmt"/>
        <line num="8" count="3" type="stmt"/>
        <line num="9" count="3" type="stmt"/>
        <line num="31" count="2" type="cond" truecount="2" falsecount="0"/>
        <line num="32" count="1" type="stmt"/>
        <line num="34" count="1" type="stmt"/>
        <line num="37" count="1" type="stmt"/>
        <line num="38" count="1" type="stmt"/>
        <line num="43" count="55" type="stmt"/>
        <line num="45" count="5" type="stmt"/>
        <line num="46" count="5" type="stmt"/>
        <line num="48" count="4" type="cond" truecount="2" falsecount="0"/>
        <line num="49" count="1" type="stmt"/>
        <line num="52" count="3" type="cond" truecount="2" falsecount="0"/>
        <line num="53" count="3" type="cond" truecount="2" falsecount="0"/>
        <line num="54" count="3" type="cond" truecount="2" falsecount="0"/>
        <line num="55" count="3" type="cond" truecount="2" falsecount="0"/>
        <line num="56" count="3" type="cond" truecount="2" falsecount="0"/>
        <line num="57" count="3" type="cond" truecount="2" falsecount="0"/>
        <line num="58" count="3" type="cond" truecount="2" falsecount="0"/>
        <line num="59" count="3" type="cond" truecount="2" falsecount="0"/>
        <line num="61" count="3" type="stmt"/>
        <line num="64" count="3" type="stmt"/>
        <line num="66" count="3" type="stmt"/>
        <line num="72" count="1" type="stmt"/>
        <line num="73" count="1" type="stmt"/>
        <line num="78" count="55" type="stmt"/>
        <line num="79" count="2" type="stmt"/>
        <line num="80" count="2" type="stmt"/>
        <line num="104" count="1" type="stmt"/>
        <line num="106" count="1" type="stmt"/>
        <line num="107" count="1" type="stmt"/>
        <line num="112" count="55" type="stmt"/>
        <line num="114" count="4" type="stmt"/>
        <line num="116" count="4" type="stmt"/>
        <line num="118" count="4" type="stmt"/>
        <line num="120" count="3" type="cond" truecount="2" falsecount="0"/>
        <line num="121" count="1" type="stmt"/>
        <line num="128" count="2" type="stmt"/>
        <line num="130" count="2" type="cond" truecount="2" falsecount="0"/>
        <line num="131" count="1" type="stmt"/>
        <line num="145" count="1" type="stmt"/>
        <line num="147" count="1" type="stmt"/>
        <line num="149" count="1" type="stmt"/>
        <line num="155" count="1" type="stmt"/>
        <line num="157" count="1" type="stmt"/>
        <line num="167" count="55" type="stmt"/>
        <line num="169" count="5" type="stmt"/>
        <line num="171" count="5" type="stmt"/>
        <line num="172" count="5" type="stmt"/>
        <line num="174" count="4" type="cond" truecount="2" falsecount="0"/>
        <line num="175" count="1" type="stmt"/>
        <line num="176" count="1" type="stmt"/>
        <line num="183" count="3" type="cond" truecount="2" falsecount="0"/>
        <line num="184" count="2" type="stmt"/>
        <line num="189" count="2" type="cond" truecount="2" falsecount="0"/>
        <line num="190" count="1" type="stmt"/>
        <line num="191" count="1" type="stmt"/>
        <line num="196" count="3" type="cond" truecount="2" falsecount="0"/>
        <line num="197" count="1" type="stmt"/>
        <line num="207" count="3" type="stmt"/>
        <line num="208" count="3" type="stmt"/>
        <line num="209" count="3" type="stmt"/>
        <line num="210" count="3" type="stmt"/>
        <line num="211" count="3" type="stmt"/>
        <line num="212" count="3" type="stmt"/>
        <line num="213" count="3" type="stmt"/>
        <line num="214" count="3" type="stmt"/>
        <line num="216" count="3" type="stmt"/>
        <line num="217" count="3" type="stmt"/>
        <line num="219" count="3" type="stmt"/>
        <line num="224" count="1" type="stmt"/>
        <line num="225" count="1" type="stmt"/>
        <line num="226" count="1" type="stmt"/>
      </file>
    </package>
    <package name="src.middlewares">
      <metrics statements="8" coveredstatements="2" conditionals="9" coveredconditionals="0" methods="2" coveredmethods="0"/>
      <file name="auth.middleware.js" path="/home/zero/Escritorio/INA/2026-1/1 - Proyecto Final/Proyecto Web/src/middlewares/auth.middleware.js">
        <metrics statements="8" coveredstatements="2" conditionals="9" coveredconditionals="0" methods="2" coveredmethods="0"/>
        <line num="2" count="55" type="stmt"/>
        <line num="4" count="0" type="cond" truecount="0" falsecount="4"/>
        <line num="5" count="0" type="stmt"/>
        <line num="7" count="0" type="stmt"/>
        <line num="10" count="55" type="stmt"/>
        <line num="11" count="0" type="cond" truecount="0" falsecount="5"/>
        <line num="12" count="0" type="stmt"/>
        <line num="14" count="0" type="stmt"/>
      </file>
    </package>
    <package name="src.models">
      <metrics statements="42" coveredstatements="41" conditionals="2" coveredconditionals="2" methods="3" coveredmethods="2"/>
      <file name="Device.js" path="/home/zero/Escritorio/INA/2026-1/1 - Proyecto Final/Proyecto Web/src/models/Device.js">
        <metrics statements="4" coveredstatements="4" conditionals="0" coveredconditionals="0" methods="0" coveredmethods="0"/>
        <line num="1" count="59" type="stmt"/>
        <line num="2" count="59" type="stmt"/>
        <line num="4" count="59" type="stmt"/>
        <line num="53" count="59" type="stmt"/>
      </file>
      <file name="HealthRecord.js" path="/home/zero/Escritorio/INA/2026-1/1 - Proyecto Final/Proyecto Web/src/models/HealthRecord.js">
        <metrics statements="4" coveredstatements="4" conditionals="0" coveredconditionals="0" methods="0" coveredmethods="0"/>
        <line num="1" count="59" type="stmt"/>
        <line num="2" count="59" type="stmt"/>
        <line num="4" count="59" type="stmt"/>
        <line num="43" count="59" type="stmt"/>
      </file>
      <file name="Illness.js" path="/home/zero/Escritorio/INA/2026-1/1 - Proyecto Final/Proyecto Web/src/models/Illness.js">
        <metrics statements="4" coveredstatements="4" conditionals="0" coveredconditionals="0" methods="0" coveredmethods="0"/>
        <line num="1" count="59" type="stmt"/>
        <line num="2" count="59" type="stmt"/>
        <line num="4" count="59" type="stmt"/>
        <line num="25" count="59" type="stmt"/>
      </file>
      <file name="User.js" path="/home/zero/Escritorio/INA/2026-1/1 - Proyecto Final/Proyecto Web/src/models/User.js">
        <metrics statements="10" coveredstatements="9" conditionals="2" coveredconditionals="2" methods="3" coveredmethods="2"/>
        <line num="1" count="59" type="stmt"/>
        <line num="2" count="59" type="stmt"/>
        <line num="3" count="59" type="stmt"/>
        <line num="5" count="59" type="stmt"/>
        <line num="70" count="118" type="stmt"/>
        <line num="73" count="6" type="cond" truecount="2" falsecount="0"/>
        <line num="74" count="2" type="stmt"/>
        <line num="81" count="59" type="stmt"/>
        <line num="82" count="0" type="stmt"/>
        <line num="85" count="59" type="stmt"/>
      </file>
      <file name="UserIllness.js" path="/home/zero/Escritorio/INA/2026-1/1 - Proyecto Final/Proyecto Web/src/models/UserIllness.js">
        <metrics statements="4" coveredstatements="4" conditionals="0" coveredconditionals="0" methods="0" coveredmethods="0"/>
        <line num="1" count="59" type="stmt"/>
        <line num="2" count="59" type="stmt"/>
        <line num="4" count="59" type="stmt"/>
        <line num="16" count="59" type="stmt"/>
      </file>
      <file name="index.js" path="/home/zero/Escritorio/INA/2026-1/1 - Proyecto Final/Proyecto Web/src/models/index.js">
        <metrics statements="16" coveredstatements="16" conditionals="0" coveredconditionals="0" methods="0" coveredmethods="0"/>
        <line num="1" count="59" type="stmt"/>
        <line num="2" count="59" type="stmt"/>
        <line num="3" count="59" type="stmt"/>
        <line num="4" count="59" type="stmt"/>
        <line num="5" count="59" type="stmt"/>
        <line num="13" count="59" type="stmt"/>
        <line num="18" count="59" type="stmt"/>
        <line num="25" count="59" type="stmt"/>
        <line num="32" count="59" type="stmt"/>
        <line num="42" count="59" type="stmt"/>
        <line num="49" count="59" type="stmt"/>
        <line num="60" count="59" type="stmt"/>
        <line num="67" count="59" type="stmt"/>
        <line num="81" count="59" type="stmt"/>
        <line num="88" count="59" type="stmt"/>
        <line num="94" count="59" type="stmt"/>
      </file>
    </package>
    <package name="src.routes">
      <metrics statements="45" coveredstatements="45" conditionals="0" coveredconditionals="0" methods="0" coveredmethods="0"/>
      <file name="auth.routes.js" path="/home/zero/Escritorio/INA/2026-1/1 - Proyecto Final/Proyecto Web/src/routes/auth.routes.js">
        <metrics statements="6" coveredstatements="6" conditionals="0" coveredconditionals="0" methods="0" coveredmethods="0"/>
        <line num="1" count="55" type="stmt"/>
        <line num="2" count="55" type="stmt"/>
        <line num="3" count="55" type="stmt"/>
        <line num="6" count="55" type="stmt"/>
        <line num="9" count="55" type="stmt"/>
        <line num="11" count="55" type="stmt"/>
      </file>
      <file name="carer.routes.js" path="/home/zero/Escritorio/INA/2026-1/1 - Proyecto Final/Proyecto Web/src/routes/carer.routes.js">
        <metrics statements="7" coveredstatements="7" conditionals="0" coveredconditionals="0" methods="0" coveredmethods="0"/>
        <line num="1" count="55" type="stmt"/>
        <line num="2" count="55" type="stmt"/>
        <line num="3" count="55" type="stmt"/>
        <line num="5" count="55" type="stmt"/>
        <line num="8" count="55" type="stmt"/>
        <line num="11" count="55" type="stmt"/>
        <line num="13" count="55" type="stmt"/>
      </file>
      <file name="device.routes.js" path="/home/zero/Escritorio/INA/2026-1/1 - Proyecto Final/Proyecto Web/src/routes/device.routes.js">
        <metrics statements="11" coveredstatements="11" conditionals="0" coveredconditionals="0" methods="0" coveredmethods="0"/>
        <line num="1" count="55" type="stmt"/>
        <line num="2" count="55" type="stmt"/>
        <line num="4" count="55" type="stmt"/>
        <line num="8" count="55" type="stmt"/>
        <line num="12" count="55" type="stmt"/>
        <line num="16" count="55" type="stmt"/>
        <line num="20" count="55" type="stmt"/>
        <line num="23" count="55" type="stmt"/>
        <line num="26" count="55" type="stmt"/>
        <line num="30" count="55" type="stmt"/>
        <line num="32" count="55" type="stmt"/>
      </file>
      <file name="health.routes.js" path="/home/zero/Escritorio/INA/2026-1/1 - Proyecto Final/Proyecto Web/src/routes/health.routes.js">
        <metrics statements="7" coveredstatements="7" conditionals="0" coveredconditionals="0" methods="0" coveredmethods="0"/>
        <line num="1" count="55" type="stmt"/>
        <line num="2" count="55" type="stmt"/>
        <line num="3" count="55" type="stmt"/>
        <line num="6" count="55" type="stmt"/>
        <line num="9" count="55" type="stmt"/>
        <line num="12" count="55" type="stmt"/>
        <line num="14" count="55" type="stmt"/>
      </file>
      <file name="illness.routes.js" path="/home/zero/Escritorio/INA/2026-1/1 - Proyecto Final/Proyecto Web/src/routes/illness.routes.js">
        <metrics statements="5" coveredstatements="5" conditionals="0" coveredconditionals="0" methods="0" coveredmethods="0"/>
        <line num="1" count="55" type="stmt"/>
        <line num="2" count="55" type="stmt"/>
        <line num="3" count="55" type="stmt"/>
        <line num="5" count="55" type="stmt"/>
        <line num="7" count="55" type="stmt"/>
      </file>
      <file name="user.routes.js" path="/home/zero/Escritorio/INA/2026-1/1 - Proyecto Final/Proyecto Web/src/routes/user.routes.js">
        <metrics statements="9" coveredstatements="9" conditionals="0" coveredconditionals="0" methods="0" coveredmethods="0"/>
        <line num="1" count="55" type="stmt"/>
        <line num="2" count="55" type="stmt"/>
        <line num="3" count="55" type="stmt"/>
        <line num="6" count="55" type="stmt"/>
        <line num="9" count="55" type="stmt"/>
        <line num="12" count="55" type="stmt"/>
        <line num="15" count="55" type="stmt"/>
        <line num="18" count="55" type="stmt"/>
        <line num="20" count="55" type="stmt"/>
      </file>
    </package>
    <package name="src.services">
      <metrics statements="25" coveredstatements="22" conditionals="12" coveredconditionals="8" methods="4" coveredmethods="3"/>
      <file name="fallState.service.js" path="/home/zero/Escritorio/INA/2026-1/1 - Proyecto Final/Proyecto Web/src/services/fallState.service.js">
        <metrics statements="11" coveredstatements="11" conditionals="8" coveredconditionals="7" methods="3" coveredmethods="2"/>
        <line num="1" count="56" type="stmt"/>
        <line num="3" count="56" type="stmt"/>
        <line num="5" count="5" type="cond" truecount="2" falsecount="0"/>
        <line num="8" count="5" type="cond" truecount="4" falsecount="0"/>
        <line num="9" count="3" type="stmt"/>
        <line num="10" count="3" type="stmt"/>
        <line num="14" count="2" type="cond" truecount="1" falsecount="1"/>
        <line num="15" count="2" type="stmt"/>
        <line num="17" count="2" type="stmt"/>
        <line num="21" count="56" type="stmt"/>
        <line num="22" count="1" type="stmt"/>
      </file>
      <file name="notification.service.js" path="/home/zero/Escritorio/INA/2026-1/1 - Proyecto Final/Proyecto Web/src/services/notification.service.js">
        <metrics statements="14" coveredstatements="11" conditionals="4" coveredconditionals="1" methods="1" coveredmethods="1"/>
        <line num="1" count="55" type="stmt"/>
        <line num="2" count="55" type="stmt"/>
        <line num="4" count="55" type="stmt"/>
        <line num="6" count="2" type="stmt"/>
        <line num="7" count="2" type="stmt"/>
        <line num="10" count="2" type="stmt"/>
        <line num="13" count="2" type="cond" truecount="1" falsecount="1"/>
        <line num="14" count="0" type="stmt"/>
        <line num="18" count="2" type="stmt"/>
        <line num="20" count="2" type="stmt"/>
        <line num="22" count="2" type="stmt"/>
        <line num="24" count="2" type="stmt"/>
        <line num="27" count="0" type="stmt"/>
        <line num="28" count="0" type="cond" truecount="0" falsecount="2"/>
      </file>
    </package>
  </project>
</coverage>
