{"/home/zero/Escritorio/INA/2026-1/1 - Proyecto Final/Proyecto Web/src/app.js": {"path":"/home/zero/Escritorio/INA/2026-1/1 - Proyecto Final/Proyecto Web/src/app.js","statementMap":{"0":{"start":{"line":1,"column":16},"end":{"line":1,"column":34}},"1":{"start":{"line":2,"column":12},"end":{"line":2,"column":21}},"2":{"start":{"line":3,"column":13},"end":{"line":3,"column":28}},"3":{"start":{"line":4,"column":13},"end":{"line":4,"column":28}},"4":{"start":{"line":7,"column":19},"end":{"line":7,"column":50}},"5":{"start":{"line":8,"column":19},"end":{"line":8,"column":50}},"6":{"start":{"line":9,"column":21},"end":{"line":9,"column":54}},"7":{"start":{"line":10,"column":20},"end":{"line":10,"column":52}},"8":{"start":{"line":11,"column":22},"end":{"line":11,"column":56}},"9":{"start":{"line":12,"column":21},"end":{"line":12,"column":54}},"10":{"start":{"line":15,"column":0},"end":{"line":15,"column":15}},"11":{"start":{"line":16,"column":0},"end":{"line":16,"column":23}},"12":{"start":{"line":19,"column":0},"end":{"line":19,"column":32}},"13":{"start":{"line":20,"column":0},"end":{"line":20,"column":33}},"14":{"start":{"line":21,"column":0},"end":{"line":21,"column":36}},"15":{"start":{"line":22,"column":0},"end":{"line":22,"column":35}},"16":{"start":{"line":23,"column":0},"end":{"line":23,"column":40}},"17":{"start":{"line":24,"column":0},"end":{"line":24,"column":37}},"18":{"start":{"line":27,"column":0},"end":{"line":29,"column":2}},"19":{"start":{"line":28,"column":4},"end":{"line":28,"column":62}},"20":{"start":{"line":32,"column":0},"end":{"line":32,"column":58}},"21":{"start":{"line":35,"column":0},"end":{"line":35,"column":20}}},"fnMap":{"0":{"name":"(anonymous_0)","decl":{"start":{"line":27,"column":13},"end":{"line":27,"column":14}},"loc":{"start":{"line":27,"column":27},"end":{"line":29,"column":1}},"line":27}},"branchMap":{},"s":{"0":55,"1":55,"2":55,"3":55,"4":55,"5":55,"6":55,"7":55,"8":55,"9":55,"10":55,"11":55,"12":55,"13":55,"14":55,"15":55,"16":55,"17":55,"18":55,"19":1,"20":55,"21":55},"f":{"0":1},"b":{},"_coverageSchema":"1a1c01bbd47fc00a2c39e90264f33305004495a9","hash":"759e2ab8e89bc8fae00300d5940888d1439a82d1"}
,"/home/zero/Escritorio/INA/2026-1/1 - Proyecto Final/Proyecto Web/src/config/database.js": {"path":"/home/zero/Escritorio/INA/2026-1/1 - Proyecto Final/Proyecto Web/src/config/database.js","statementMap":{"0":{"start":{"line":1,"column":22},"end":{"line":1,"column":42}},"1":{"start":{"line":2,"column":13},"end":{"line":2,"column":28}},"2":{"start":{"line":3,"column":11},"end":{"line":3,"column":24}},"3":{"start":{"line":4,"column":15},"end":{"line":4,"column":32}},"4":{"start":{"line":7,"column":0},"end":{"line":12,"column":3}},"5":{"start":{"line":17,"column":0},"end":{"line":45,"column":1}},"6":{"start":{"line":18,"column":4},"end":{"line":18,"column":54}},"7":{"start":{"line":19,"column":4},"end":{"line":27,"column":7}},"8":{"start":{"line":29,"column":4},"end":{"line":29,"column":42}},"9":{"start":{"line":30,"column":4},"end":{"line":44,"column":6}},"10":{"start":{"line":48,"column":23},"end":{"line":56,"column":1}},"11":{"start":{"line":49,"column":4},"end":{"line":55,"column":5}},"12":{"start":{"line":50,"column":8},"end":{"line":50,"column":39}},"13":{"start":{"line":51,"column":8},"end":{"line":51,"column":72}},"14":{"start":{"line":53,"column":8},"end":{"line":53,"column":86}},"15":{"start":{"line":54,"column":8},"end":{"line":54,"column":24}},"16":{"start":{"line":61,"column":21},"end":{"line":155,"column":1}},"17":{"start":{"line":63,"column":4},"end":{"line":65,"column":5}},"18":{"start":{"line":64,"column":8},"end":{"line":64,"column":15}},"19":{"start":{"line":70,"column":8},"end":{"line":70,"column":38}},"20":{"start":{"line":72,"column":4},"end":{"line":154,"column":5}},"21":{"start":{"line":74,"column":22},"end":{"line":79,"column":9}},"22":{"start":{"line":81,"column":26},"end":{"line":86,"column":9}},"23":{"start":{"line":88,"column":24},"end":{"line":93,"column":9}},"24":{"start":{"line":95,"column":30},"end":{"line":100,"column":9}},"25":{"start":{"line":103,"column":8},"end":{"line":103,"column":60}},"26":{"start":{"line":105,"column":8},"end":{"line":132,"column":9}},"27":{"start":{"line":106,"column":12},"end":{"line":110,"column":15}},"28":{"start":{"line":112,"column":12},"end":{"line":116,"column":15}},"29":{"start":{"line":118,"column":12},"end":{"line":122,"column":15}},"30":{"start":{"line":124,"column":12},"end":{"line":128,"column":15}},"31":{"start":{"line":131,"column":12},"end":{"line":131,"column":64}},"32":{"start":{"line":134,"column":8},"end":{"line":134,"column":41}},"33":{"start":{"line":136,"column":8},"end":{"line":136,"column":44}},"34":{"start":{"line":137,"column":8},"end":{"line":137,"column":47}},"35":{"start":{"line":139,"column":8},"end":{"line":141,"column":11}},"36":{"start":{"line":142,"column":8},"end":{"line":142,"column":43}},"37":{"start":{"line":144,"column":8},"end":{"line":144,"column":41}},"38":{"start":{"line":145,"column":8},"end":{"line":145,"column":47}},"39":{"start":{"line":147,"column":8},"end":{"line":147,"column":53}},"40":{"start":{"line":148,"column":8},"end":{"line":148,"column":43}},"41":{"start":{"line":150,"column":8},"end":{"line":150,"column":41}},"42":{"start":{"line":153,"column":8},"end":{"line":153,"column":55}},"43":{"start":{"line":157,"column":0},"end":{"line":157,"column":61}}},"fnMap":{"0":{"name":"(anonymous_0)","decl":{"start":{"line":48,"column":23},"end":{"line":48,"column":24}},"loc":{"start":{"line":48,"column":35},"end":{"line":56,"column":1}},"line":48},"1":{"name":"(anonymous_1)","decl":{"start":{"line":61,"column":21},"end":{"line":61,"column":22}},"loc":{"start":{"line":61,"column":67},"end":{"line":155,"column":1}},"line":61}},"branchMap":{"0":{"loc":{"start":{"line":9,"column":8},"end":{"line":11,"column":20}},"type":"cond-expr","locations":[{"start":{"line":10,"column":14},"end":{"line":10,"column":25}},{"start":{"line":11,"column":14},"end":{"line":11,"column":20}}],"line":9},"1":{"loc":{"start":{"line":17,"column":0},"end":{"line":45,"column":1}},"type":"if","locations":[{"start":{"line":17,"column":0},"end":{"line":45,"column":1}},{"start":{"line":28,"column":7},"end":{"line":45,"column":1}}],"line":17},"2":{"loc":{"start":{"line":63,"column":4},"end":{"line":65,"column":5}},"type":"if","locations":[{"start":{"line":63,"column":4},"end":{"line":65,"column":5}},{"start":{},"end":{}}],"line":63}},"s":{"0":59,"1":59,"2":59,"3":59,"4":59,"5":59,"6":59,"7":59,"8":0,"9":0,"10":59,"11":0,"12":0,"13":0,"14":0,"15":0,"16":59,"17":0,"18":0,"19":0,"20":0,"21":0,"22":0,"23":0,"24":0,"25":0,"26":0,"27":0,"28":0,"29":0,"30":0,"31":0,"32":0,"33":0,"34":0,"35":0,"36":0,"37":0,"38":0,"39":0,"40":0,"41":0,"42":0,"43":59},"f":{"0":0,"1":0},"b":{"0":[59,0],"1":[59,0],"2":[0,0]},"_coverageSchema":"1a1c01bbd47fc00a2c39e90264f33305004495a9","hash":"c15a9d55c21f578d2498def2ddb8edbcc519ed68"}
,"/home/zero/Escritorio/INA/2026-1/1 - Proyecto Final/Proyecto Web/src/controllers/auth.controller.js": {"path":"/home/zero/Escritorio/INA/2026-1/1 - Proyecto Final/Proyecto Web/src/controllers/auth.controller.js","statementMap":{"0":{"start":{"line":2,"column":30},"end":{"line":2,"column":50}},"1":{"start":{"line":3,"column":22},"end":{"line":3,"column":51}},"2":{"start":{"line":5,"column":0},"end":{"line":177,"column":1}},"3":{"start":{"line":7,"column":108},"end":{"line":7,"column":116}},"4":{"start":{"line":9,"column":24},"end":{"line":9,"column":53}},"5":{"start":{"line":11,"column":4},"end":{"line":175,"column":5}},"6":{"start":{"line":13,"column":8},"end":{"line":19,"column":9}},"7":{"start":{"line":14,"column":12},"end":{"line":14,"column":40}},"8":{"start":{"line":15,"column":12},"end":{"line":18,"column":14}},"9":{"start":{"line":22,"column":8},"end":{"line":30,"column":9}},"10":{"start":{"line":23,"column":12},"end":{"line":29,"column":13}},"11":{"start":{"line":24,"column":16},"end":{"line":24,"column":44}},"12":{"start":{"line":25,"column":16},"end":{"line":28,"column":18}},"13":{"start":{"line":33,"column":8},"end":{"line":41,"column":9}},"14":{"start":{"line":34,"column":12},"end":{"line":40,"column":13}},"15":{"start":{"line":35,"column":16},"end":{"line":35,"column":44}},"16":{"start":{"line":36,"column":16},"end":{"line":39,"column":18}},"17":{"start":{"line":44,"column":28},"end":{"line":47,"column":10}},"18":{"start":{"line":49,"column":8},"end":{"line":55,"column":9}},"19":{"start":{"line":50,"column":12},"end":{"line":50,"column":40}},"20":{"start":{"line":51,"column":12},"end":{"line":54,"column":14}},"21":{"start":{"line":58,"column":8},"end":{"line":109,"column":5}},"22":{"start":{"line":60,"column":30},"end":{"line":63,"column":14}},"23":{"start":{"line":65,"column":12},"end":{"line":71,"column":13}},"24":{"start":{"line":66,"column":16},"end":{"line":66,"column":44}},"25":{"start":{"line":67,"column":16},"end":{"line":70,"column":18}},"26":{"start":{"line":73,"column":24},"end":{"line":81,"column":27}},"27":{"start":{"line":84,"column":8},"end":{"line":94,"column":9}},"28":{"start":{"line":85,"column":36},"end":{"line":89,"column":15}},"29":{"start":{"line":85,"column":67},"end":{"line":89,"column":13}},"30":{"start":{"line":90,"column":12},"end":{"line":93,"column":13}},"31":{"start":{"line":96,"column":8},"end":{"line":96,"column":34}},"32":{"start":{"line":98,"column":8},"end":{"line":107,"column":10}},"33":{"start":{"line":111,"column":24},"end":{"line":117,"column":10}},"34":{"start":{"line":119,"column":8},"end":{"line":125,"column":9}},"35":{"start":{"line":120,"column":12},"end":{"line":120,"column":40}},"36":{"start":{"line":121,"column":12},"end":{"line":124,"column":14}},"37":{"start":{"line":127,"column":8},"end":{"line":134,"column":9}},"38":{"start":{"line":128,"column":12},"end":{"line":128,"column":40}},"39":{"start":{"line":129,"column":12},"end":{"line":132,"column":14}},"40":{"start":{"line":136,"column":25},"end":{"line":146,"column":27}},"41":{"start":{"line":148,"column":8},"end":{"line":148,"column":37}},"42":{"start":{"line":150,"column":8},"end":{"line":150,"column":43}},"43":{"start":{"line":152,"column":8},"end":{"line":152,"column":34}},"44":{"start":{"line":154,"column":8},"end":{"line":165,"column":10}},"45":{"start":{"line":168,"column":8},"end":{"line":168,"column":36}},"46":{"start":{"line":169,"column":8},"end":{"line":169,"column":28}},"47":{"start":{"line":170,"column":8},"end":{"line":173,"column":10}},"48":{"start":{"line":180,"column":0},"end":{"line":229,"column":1}},"49":{"start":{"line":181,"column":32},"end":{"line":181,"column":40}},"50":{"start":{"line":183,"column":4},"end":{"line":228,"column":5}},"51":{"start":{"line":185,"column":8},"end":{"line":187,"column":9}},"52":{"start":{"line":186,"column":12},"end":{"line":186,"column":102}},"53":{"start":{"line":189,"column":21},"end":{"line":189,"column":59}},"54":{"start":{"line":192,"column":8},"end":{"line":197,"column":9}},"55":{"start":{"line":193,"column":12},"end":{"line":196,"column":14}},"56":{"start":{"line":200,"column":8},"end":{"line":205,"column":9}},"57":{"start":{"line":201,"column":12},"end":{"line":204,"column":14}},"58":{"start":{"line":208,"column":31},"end":{"line":208,"column":65}},"59":{"start":{"line":210,"column":8},"end":{"line":212,"column":9}},"60":{"start":{"line":211,"column":12},"end":{"line":211,"column":90}},"61":{"start":{"line":214,"column":8},"end":{"line":223,"column":10}},"62":{"start":{"line":226,"column":8},"end":{"line":226,"column":28}},"63":{"start":{"line":227,"column":8},"end":{"line":227,"column":76}}},"fnMap":{"0":{"name":"(anonymous_0)","decl":{"start":{"line":5,"column":19},"end":{"line":5,"column":20}},"loc":{"start":{"line":5,"column":39},"end":{"line":177,"column":1}},"line":5},"1":{"name":"(anonymous_1)","decl":{"start":{"line":85,"column":58},"end":{"line":85,"column":59}},"loc":{"start":{"line":85,"column":67},"end":{"line":89,"column":13}},"line":85},"2":{"name":"(anonymous_2)","decl":{"start":{"line":180,"column":16},"end":{"line":180,"column":17}},"loc":{"start":{"line":180,"column":36},"end":{"line":229,"column":1}},"line":180}},"branchMap":{"0":{"loc":{"start":{"line":13,"column":8},"end":{"line":19,"column":9}},"type":"if","locations":[{"start":{"line":13,"column":8},"end":{"line":19,"column":9}},{"start":{},"end":{}}],"line":13},"1":{"loc":{"start":{"line":13,"column":12},"end":{"line":13,"column":53}},"type":"binary-expr","locations":[{"start":{"line":13,"column":12},"end":{"line":13,"column":17}},{"start":{"line":13,"column":21},"end":{"line":13,"column":30}},{"start":{"line":13,"column":34},"end":{"line":13,"column":40}},{"start":{"line":13,"column":44},"end":{"line":13,"column":53}}],"line":13},"2":{"loc":{"start":{"line":22,"column":8},"end":{"line":30,"column":9}},"type":"if","locations":[{"start":{"line":22,"column":8},"end":{"line":30,"column":9}},{"start":{},"end":{}}],"line":22},"3":{"loc":{"start":{"line":22,"column":13},"end":{"line":22,"column":27}},"type":"binary-expr","locations":[{"start":{"line":22,"column":13},"end":{"line":22,"column":17}},{"start":{"line":22,"column":21},"end":{"line":22,"column":27}}],"line":22},"4":{"loc":{"start":{"line":23,"column":12},"end":{"line":29,"column":13}},"type":"if","locations":[{"start":{"line":23,"column":12},"end":{"line":29,"column":13}},{"start":{},"end":{}}],"line":23},"5":{"loc":{"start":{"line":23,"column":16},"end":{"line":23,"column":34}},"type":"binary-expr","locations":[{"start":{"line":23,"column":16},"end":{"line":23,"column":20}},{"start":{"line":23,"column":24},"end":{"line":23,"column":34}}],"line":23},"6":{"loc":{"start":{"line":33,"column":8},"end":{"line":41,"column":9}},"type":"if","locations":[{"start":{"line":33,"column":8},"end":{"line":41,"column":9}},{"start":{},"end":{}}],"line":33},"7":{"loc":{"start":{"line":34,"column":12},"end":{"line":40,"column":13}},"type":"if","locations":[{"start":{"line":34,"column":12},"end":{"line":40,"column":13}},{"start":{},"end":{}}],"line":34},"8":{"loc":{"start":{"line":34,"column":16},"end":{"line":34,"column":37}},"type":"binary-expr","locations":[{"start":{"line":34,"column":16},"end":{"line":34,"column":22}},{"start":{"line":34,"column":26},"end":{"line":34,"column":37}}],"line":34},"9":{"loc":{"start":{"line":49,"column":8},"end":{"line":55,"column":9}},"type":"if","locations":[{"start":{"line":49,"column":8},"end":{"line":55,"column":9}},{"start":{},"end":{}}],"line":49},"10":{"loc":{"start":{"line":58,"column":8},"end":{"line":109,"column":5}},"type":"if","locations":[{"start":{"line":58,"column":8},"end":{"line":109,"column":5}},{"start":{},"end":{}}],"line":58},"11":{"loc":{"start":{"line":58,"column":13},"end":{"line":58,"column":27}},"type":"binary-expr","locations":[{"start":{"line":58,"column":13},"end":{"line":58,"column":17}},{"start":{"line":58,"column":21},"end":{"line":58,"column":27}}],"line":58},"12":{"loc":{"start":{"line":65,"column":12},"end":{"line":71,"column":13}},"type":"if","locations":[{"start":{"line":65,"column":12},"end":{"line":71,"column":13}},{"start":{},"end":{}}],"line":65},"13":{"loc":{"start":{"line":84,"column":8},"end":{"line":94,"column":9}},"type":"if","locations":[{"start":{"line":84,"column":8},"end":{"line":94,"column":9}},{"start":{},"end":{}}],"line":84},"14":{"loc":{"start":{"line":84,"column":12},"end":{"line":84,"column":61}},"type":"binary-expr","locations":[{"start":{"line":84,"column":12},"end":{"line":84,"column":29}},{"start":{"line":84,"column":33},"end":{"line":84,"column":61}}],"line":84},"15":{"loc":{"start":{"line":88,"column":23},"end":{"line":88,"column":39}},"type":"binary-expr","locations":[{"start":{"line":88,"column":23},"end":{"line":88,"column":33}},{"start":{"line":88,"column":37},"end":{"line":88,"column":39}}],"line":88},"16":{"loc":{"start":{"line":119,"column":8},"end":{"line":125,"column":9}},"type":"if","locations":[{"start":{"line":119,"column":8},"end":{"line":125,"column":9}},{"start":{},"end":{}}],"line":119},"17":{"loc":{"start":{"line":127,"column":8},"end":{"line":134,"column":9}},"type":"if","locations":[{"start":{"line":127,"column":8},"end":{"line":134,"column":9}},{"start":{},"end":{}}],"line":127},"18":{"loc":{"start":{"line":185,"column":8},"end":{"line":187,"column":9}},"type":"if","locations":[{"start":{"line":185,"column":8},"end":{"line":187,"column":9}},{"start":{},"end":{}}],"line":185},"19":{"loc":{"start":{"line":185,"column":12},"end":{"line":185,"column":31}},"type":"binary-expr","locations":[{"start":{"line":185,"column":12},"end":{"line":185,"column":18}},{"start":{"line":185,"column":22},"end":{"line":185,"column":31}}],"line":185},"20":{"loc":{"start":{"line":192,"column":8},"end":{"line":197,"column":9}},"type":"if","locations":[{"start":{"line":192,"column":8},"end":{"line":197,"column":9}},{"start":{},"end":{}}],"line":192},"21":{"loc":{"start":{"line":200,"column":8},"end":{"line":205,"column":9}},"type":"if","locations":[{"start":{"line":200,"column":8},"end":{"line":205,"column":9}},{"start":{},"end":{}}],"line":200},"22":{"loc":{"start":{"line":210,"column":8},"end":{"line":212,"column":9}},"type":"if","locations":[{"start":{"line":210,"column":8},"end":{"line":212,"column":9}},{"start":{},"end":{}}],"line":210}},"s":{"0":57,"1":57,"2":57,"3":11,"4":11,"5":11,"6":11,"7":1,"8":1,"9":10,"10":6,"11":1,"12":1,"13":9,"14":4,"15":1,"16":1,"17":8,"18":7,"19":1,"20":1,"21":6,"22":3,"23":3,"24":1,"25":1,"26":2,"27":2,"28":1,"29":2,"30":1,"31":2,"32":2,"33":3,"34":3,"35":1,"36":1,"37":2,"38":1,"39":1,"40":1,"41":1,"42":1,"43":1,"44":1,"45":1,"46":1,"47":1,"48":57,"49":6,"50":6,"51":6,"52":1,"53":5,"54":4,"55":1,"56":3,"57":1,"58":2,"59":2,"60":1,"61":1,"62":1,"63":1},"f":{"0":11,"1":2,"2":6},"b":{"0":[1,10],"1":[11,10,10,10],"2":[6,4],"3":[10,0],"4":[1,5],"5":[6,5],"6":[4,5],"7":[1,3],"8":[4,3],"9":[1,6],"10":[3,3],"11":[6,0],"12":[1,2],"13":[1,1],"14":[2,2],"15":[2,1],"16":[1,2],"17":[1,1],"18":[1,5],"19":[6,5],"20":[1,3],"21":[1,2],"22":[1,1]},"_coverageSchema":"1a1c01bbd47fc00a2c39e90264f33305004495a9","hash":"be118855770a93aac63089c15ba843453e3967e5"}
,"/home/zero/Escritorio/INA/2026-1/1 - Proyecto Final/Proyecto Web/src/controllers/carer.controller.js": {"path":"/home/zero/Escritorio/INA/2026-1/1 - Proyecto Final/Proyecto Web/src/controllers/carer.controller.js","statementMap":{"0":{"start":{"line":1,"column":17},"end":{"line":1,"column":43}},"1":{"start":{"line":4,"column":0},"end":{"line":15,"column":1}},"2":{"start":{"line":5,"column":4},"end":{"line":14,"column":5}},"3":{"start":{"line":6,"column":23},"end":{"line":9,"column":10}},"4":{"start":{"line":10,"column":8},"end":{"line":10,"column":24}},"5":{"start":{"line":12,"column":8},"end":{"line":12,"column":28}},"6":{"start":{"line":13,"column":8},"end":{"line":13,"column":79}},"7":{"start":{"line":18,"column":0},"end":{"line":38,"column":1}},"8":{"start":{"line":19,"column":4},"end":{"line":37,"column":5}},"9":{"start":{"line":20,"column":22},"end":{"line":27,"column":10}},"10":{"start":{"line":29,"column":8},"end":{"line":31,"column":9}},"11":{"start":{"line":30,"column":12},"end":{"line":30,"column":93}},"12":{"start":{"line":33,"column":8},"end":{"line":33,"column":32}},"13":{"start":{"line":35,"column":8},"end":{"line":35,"column":28}},"14":{"start":{"line":36,"column":8},"end":{"line":36,"column":79}}},"fnMap":{"0":{"name":"(anonymous_0)","decl":{"start":{"line":4,"column":23},"end":{"line":4,"column":24}},"loc":{"start":{"line":4,"column":43},"end":{"line":15,"column":1}},"line":4},"1":{"name":"(anonymous_1)","decl":{"start":{"line":18,"column":30},"end":{"line":18,"column":31}},"loc":{"start":{"line":18,"column":50},"end":{"line":38,"column":1}},"line":18}},"branchMap":{"0":{"loc":{"start":{"line":29,"column":8},"end":{"line":31,"column":9}},"type":"if","locations":[{"start":{"line":29,"column":8},"end":{"line":31,"column":9}},{"start":{},"end":{}}],"line":29},"1":{"loc":{"start":{"line":29,"column":12},"end":{"line":29,"column":44}},"type":"binary-expr","locations":[{"start":{"line":29,"column":12},"end":{"line":29,"column":18}},{"start":{"line":29,"column":22},"end":{"line":29,"column":44}}],"line":29}},"s":{"0":55,"1":55,"2":1,"3":1,"4":1,"5":0,"6":0,"7":55,"8":0,"9":0,"10":0,"11":0,"12":0,"13":0,"14":0},"f":{"0":1,"1":0},"b":{"0":[0,0],"1":[0,0]},"_coverageSchema":"1a1c01bbd47fc00a2c39e90264f33305004495a9","hash":"18df34e676eec3604a2ce3875e72f1060a533a82"}
,"/home/zero/Escritorio/INA/2026-1/1 - Proyecto Final/Proyecto Web/src/controllers/device.controller.js": {"path":"/home/zero/Escritorio/INA/2026-1/1 - Proyecto Final/Proyecto Web/src/controllers/device.controller.js","statementMap":{"0":{"start":{"line":1,"column":25},"end":{"line":1,"column":45}},"1":{"start":{"line":7,"column":0},"end":{"line":27,"column":2}},"2":{"start":{"line":9,"column":4},"end":{"line":26,"column":5}},"3":{"start":{"line":10,"column":24},"end":{"line":17,"column":10}},"4":{"start":{"line":18,"column":8},"end":{"line":18,"column":26}},"5":{"start":{"line":21,"column":8},"end":{"line":21,"column":29}},"6":{"start":{"line":22,"column":8},"end":{"line":25,"column":11}},"7":{"start":{"line":34,"column":0},"end":{"line":59,"column":2}},"8":{"start":{"line":36,"column":4},"end":{"line":58,"column":5}},"9":{"start":{"line":37,"column":23},"end":{"line":43,"column":10}},"10":{"start":{"line":44,"column":8},"end":{"line":49,"column":9}},"11":{"start":{"line":45,"column":12},"end":{"line":48,"column":15}},"12":{"start":{"line":50,"column":8},"end":{"line":50,"column":25}},"13":{"start":{"line":53,"column":8},"end":{"line":53,"column":29}},"14":{"start":{"line":54,"column":8},"end":{"line":57,"column":11}},"15":{"start":{"line":66,"column":0},"end":{"line":112,"column":2}},"16":{"start":{"line":68,"column":4},"end":{"line":111,"column":5}},"17":{"start":{"line":69,"column":55},"end":{"line":69,"column":63}},"18":{"start":{"line":72,"column":31},"end":{"line":74,"column":10}},"19":{"start":{"line":76,"column":8},"end":{"line":81,"column":9}},"20":{"start":{"line":77,"column":12},"end":{"line":80,"column":15}},"21":{"start":{"line":84,"column":8},"end":{"line":94,"column":9}},"22":{"start":{"line":86,"column":25},"end":{"line":86,"column":53}},"23":{"start":{"line":88,"column":12},"end":{"line":93,"column":13}},"24":{"start":{"line":89,"column":16},"end":{"line":92,"column":19}},"25":{"start":{"line":96,"column":23},"end":{"line":101,"column":10}},"26":{"start":{"line":103,"column":8},"end":{"line":103,"column":37}},"27":{"start":{"line":106,"column":8},"end":{"line":106,"column":29}},"28":{"start":{"line":107,"column":8},"end":{"line":110,"column":11}},"29":{"start":{"line":119,"column":0},"end":{"line":164,"column":2}},"30":{"start":{"line":121,"column":4},"end":{"line":163,"column":5}},"31":{"start":{"line":122,"column":23},"end":{"line":122,"column":59}},"32":{"start":{"line":124,"column":8},"end":{"line":129,"column":9}},"33":{"start":{"line":125,"column":12},"end":{"line":128,"column":15}},"34":{"start":{"line":131,"column":29},"end":{"line":131,"column":33}},"35":{"start":{"line":133,"column":8},"end":{"line":146,"column":9}},"36":{"start":{"line":134,"column":12},"end":{"line":138,"column":15}},"37":{"start":{"line":140,"column":12},"end":{"line":145,"column":13}},"38":{"start":{"line":141,"column":16},"end":{"line":144,"column":19}},"39":{"start":{"line":148,"column":8},"end":{"line":148,"column":78}},"40":{"start":{"line":149,"column":8},"end":{"line":149,"column":51}},"41":{"start":{"line":150,"column":8},"end":{"line":150,"column":60}},"42":{"start":{"line":151,"column":8},"end":{"line":151,"column":57}},"43":{"start":{"line":153,"column":8},"end":{"line":153,"column":28}},"44":{"start":{"line":155,"column":8},"end":{"line":155,"column":25}},"45":{"start":{"line":158,"column":8},"end":{"line":158,"column":29}},"46":{"start":{"line":159,"column":8},"end":{"line":162,"column":11}},"47":{"start":{"line":170,"column":0},"end":{"line":215,"column":2}},"48":{"start":{"line":172,"column":4},"end":{"line":214,"column":5}},"49":{"start":{"line":173,"column":23},"end":{"line":173,"column":59}},"50":{"start":{"line":175,"column":8},"end":{"line":180,"column":9}},"51":{"start":{"line":176,"column":12},"end":{"line":179,"column":15}},"52":{"start":{"line":182,"column":21},"end":{"line":182,"column":58}},"53":{"start":{"line":184,"column":8},"end":{"line":189,"column":9}},"54":{"start":{"line":185,"column":12},"end":{"line":188,"column":15}},"55":{"start":{"line":191,"column":8},"end":{"line":196,"column":9}},"56":{"start":{"line":192,"column":12},"end":{"line":195,"column":15}},"57":{"start":{"line":198,"column":8},"end":{"line":198,"column":33}},"58":{"start":{"line":199,"column":8},"end":{"line":199,"column":33}},"59":{"start":{"line":201,"column":8},"end":{"line":201,"column":28}},"60":{"start":{"line":203,"column":8},"end":{"line":206,"column":11}},"61":{"start":{"line":209,"column":8},"end":{"line":209,"column":29}},"62":{"start":{"line":210,"column":8},"end":{"line":213,"column":11}},"63":{"start":{"line":221,"column":0},"end":{"line":249,"column":2}},"64":{"start":{"line":223,"column":4},"end":{"line":248,"column":5}},"65":{"start":{"line":224,"column":23},"end":{"line":224,"column":59}},"66":{"start":{"line":226,"column":8},"end":{"line":231,"column":9}},"67":{"start":{"line":227,"column":12},"end":{"line":230,"column":15}},"68":{"start":{"line":233,"column":8},"end":{"line":233,"column":30}},"69":{"start":{"line":234,"column":8},"end":{"line":234,"column":37}},"70":{"start":{"line":236,"column":8},"end":{"line":236,"column":28}},"71":{"start":{"line":238,"column":8},"end":{"line":240,"column":11}},"72":{"start":{"line":243,"column":8},"end":{"line":243,"column":29}},"73":{"start":{"line":244,"column":8},"end":{"line":247,"column":11}},"74":{"start":{"line":256,"column":0},"end":{"line":288,"column":2}},"75":{"start":{"line":258,"column":4},"end":{"line":287,"column":5}},"76":{"start":{"line":259,"column":23},"end":{"line":259,"column":59}},"77":{"start":{"line":261,"column":8},"end":{"line":266,"column":9}},"78":{"start":{"line":262,"column":12},"end":{"line":265,"column":15}},"79":{"start":{"line":268,"column":8},"end":{"line":273,"column":9}},"80":{"start":{"line":269,"column":12},"end":{"line":272,"column":14}},"81":{"start":{"line":275,"column":8},"end":{"line":275,"column":31}},"82":{"start":{"line":277,"column":8},"end":{"line":279,"column":11}},"83":{"start":{"line":282,"column":8},"end":{"line":282,"column":29}},"84":{"start":{"line":283,"column":8},"end":{"line":286,"column":11}}},"fnMap":{"0":{"name":"(anonymous_0)","decl":{"start":{"line":7,"column":21},"end":{"line":7,"column":22}},"loc":{"start":{"line":7,"column":41},"end":{"line":27,"column":1}},"line":7},"1":{"name":"(anonymous_1)","decl":{"start":{"line":34,"column":20},"end":{"line":34,"column":21}},"loc":{"start":{"line":34,"column":40},"end":{"line":59,"column":1}},"line":34},"2":{"name":"(anonymous_2)","decl":{"start":{"line":66,"column":23},"end":{"line":66,"column":24}},"loc":{"start":{"line":66,"column":43},"end":{"line":112,"column":1}},"line":66},"3":{"name":"(anonymous_3)","decl":{"start":{"line":119,"column":23},"end":{"line":119,"column":24}},"loc":{"start":{"line":119,"column":43},"end":{"line":164,"column":1}},"line":119},"4":{"name":"(anonymous_4)","decl":{"start":{"line":170,"column":23},"end":{"line":170,"column":24}},"loc":{"start":{"line":170,"column":43},"end":{"line":215,"column":1}},"line":170},"5":{"name":"(anonymous_5)","decl":{"start":{"line":221,"column":25},"end":{"line":221,"column":26}},"loc":{"start":{"line":221,"column":45},"end":{"line":249,"column":1}},"line":221},"6":{"name":"(anonymous_6)","decl":{"start":{"line":256,"column":23},"end":{"line":256,"column":24}},"loc":{"start":{"line":256,"column":43},"end":{"line":288,"column":1}},"line":256}},"branchMap":{"0":{"loc":{"start":{"line":44,"column":8},"end":{"line":49,"column":9}},"type":"if","locations":[{"start":{"line":44,"column":8},"end":{"line":49,"column":9}},{"start":{},"end":{}}],"line":44},"1":{"loc":{"start":{"line":76,"column":8},"end":{"line":81,"column":9}},"type":"if","locations":[{"start":{"line":76,"column":8},"end":{"line":81,"column":9}},{"start":{},"end":{}}],"line":76},"2":{"loc":{"start":{"line":84,"column":8},"end":{"line":94,"column":9}},"type":"if","locations":[{"start":{"line":84,"column":8},"end":{"line":94,"column":9}},{"start":{},"end":{}}],"line":84},"3":{"loc":{"start":{"line":88,"column":12},"end":{"line":93,"column":13}},"type":"if","locations":[{"start":{"line":88,"column":12},"end":{"line":93,"column":13}},{"start":{},"end":{}}],"line":88},"4":{"loc":{"start":{"line":124,"column":8},"end":{"line":129,"column":9}},"type":"if","locations":[{"start":{"line":124,"column":8},"end":{"line":129,"column":9}},{"start":{},"end":{}}],"line":124},"5":{"loc":{"start":{"line":133,"column":8},"end":{"line":146,"column":9}},"type":"if","locations":[{"start":{"line":133,"column":8},"end":{"line":146,"column":9}},{"start":{},"end":{}}],"line":133},"6":{"loc":{"start":{"line":140,"column":12},"end":{"line":145,"column":13}},"type":"if","locations":[{"start":{"line":140,"column":12},"end":{"line":145,"column":13}},{"start":{},"end":{}}],"line":140},"7":{"loc":{"start":{"line":140,"column":16},"end":{"line":140,"column":65}},"type":"binary-expr","locations":[{"start":{"line":140,"column":16},"end":{"line":140,"column":30}},{"start":{"line":140,"column":34},"end":{"line":140,"column":65}}],"line":140},"8":{"loc":{"start":{"line":148,"column":31},"end":{"line":148,"column":77}},"type":"binary-expr","locations":[{"start":{"line":148,"column":31},"end":{"line":148,"column":53}},{"start":{"line":148,"column":57},"end":{"line":148,"column":77}}],"line":148},"9":{"loc":{"start":{"line":149,"column":22},"end":{"line":149,"column":50}},"type":"binary-expr","locations":[{"start":{"line":149,"column":22},"end":{"line":149,"column":35}},{"start":{"line":149,"column":39},"end":{"line":149,"column":50}}],"line":149},"10":{"loc":{"start":{"line":150,"column":25},"end":{"line":150,"column":59}},"type":"binary-expr","locations":[{"start":{"line":150,"column":25},"end":{"line":150,"column":41}},{"start":{"line":150,"column":45},"end":{"line":150,"column":59}}],"line":150},"11":{"loc":{"start":{"line":151,"column":24},"end":{"line":151,"column":56}},"type":"binary-expr","locations":[{"start":{"line":151,"column":24},"end":{"line":151,"column":39}},{"start":{"line":151,"column":43},"end":{"line":151,"column":56}}],"line":151},"12":{"loc":{"start":{"line":175,"column":8},"end":{"line":180,"column":9}},"type":"if","locations":[{"start":{"line":175,"column":8},"end":{"line":180,"column":9}},{"start":{},"end":{}}],"line":175},"13":{"loc":{"start":{"line":184,"column":8},"end":{"line":189,"column":9}},"type":"if","locations":[{"start":{"line":184,"column":8},"end":{"line":189,"column":9}},{"start":{},"end":{}}],"line":184},"14":{"loc":{"start":{"line":191,"column":8},"end":{"line":196,"column":9}},"type":"if","locations":[{"start":{"line":191,"column":8},"end":{"line":196,"column":9}},{"start":{},"end":{}}],"line":191},"15":{"loc":{"start":{"line":191,"column":12},"end":{"line":191,"column":56}},"type":"binary-expr","locations":[{"start":{"line":191,"column":12},"end":{"line":191,"column":26}},{"start":{"line":191,"column":30},"end":{"line":191,"column":56}}],"line":191},"16":{"loc":{"start":{"line":226,"column":8},"end":{"line":231,"column":9}},"type":"if","locations":[{"start":{"line":226,"column":8},"end":{"line":231,"column":9}},{"start":{},"end":{}}],"line":226},"17":{"loc":{"start":{"line":261,"column":8},"end":{"line":266,"column":9}},"type":"if","locations":[{"start":{"line":261,"column":8},"end":{"line":266,"column":9}},{"start":{},"end":{}}],"line":261},"18":{"loc":{"start":{"line":268,"column":8},"end":{"line":273,"column":9}},"type":"if","locations":[{"start":{"line":268,"column":8},"end":{"line":273,"column":9}},{"start":{},"end":{}}],"line":268}},"s":{"0":55,"1":55,"2":1,"3":1,"4":1,"5":0,"6":0,"7":55,"8":3,"9":3,"10":3,"11":2,"12":1,"13":0,"14":0,"15":55,"16":5,"17":5,"18":5,"19":5,"20":1,"21":4,"22":2,"23":2,"24":1,"25":3,"26":2,"27":1,"28":1,"29":55,"30":5,"31":5,"32":4,"33":1,"34":3,"35":3,"36":2,"37":2,"38":1,"39":2,"40":2,"41":2,"42":2,"43":2,"44":2,"45":1,"46":1,"47":55,"48":5,"49":5,"50":4,"51":1,"52":3,"53":3,"54":1,"55":2,"56":1,"57":1,"58":1,"59":1,"60":1,"61":1,"62":1,"63":55,"64":3,"65":3,"66":2,"67":1,"68":1,"69":1,"70":1,"71":1,"72":1,"73":1,"74":55,"75":4,"76":4,"77":3,"78":1,"79":2,"80":1,"81":1,"82":1,"83":1,"84":1},"f":{"0":1,"1":3,"2":5,"3":5,"4":5,"5":3,"6":4},"b":{"0":[2,1],"1":[1,4],"2":[2,2],"3":[1,1],"4":[1,3],"5":[2,1],"6":[1,1],"7":[2,2],"8":[2,1],"9":[2,0],"10":[2,2],"11":[2,1],"12":[1,3],"13":[1,2],"14":[1,1],"15":[2,1],"16":[1,1],"17":[1,2],"18":[1,1]},"_coverageSchema":"1a1c01bbd47fc00a2c39e90264f33305004495a9","hash":"56de6d81527a064b6540015f0020277384919a3c"}
,"/home/zero/Escritorio/INA/2026-1/1 - Proyecto Final/Proyecto Web/src/controllers/health.controller.js": {"path":"/home/zero/Escritorio/INA/2026-1/1 - Proyecto Final/Proyecto Web/src/controllers/health.controller.js","statementMap":{"0":{"start":{"line":1,"column":39},"end":{"line":1,"column":59}},"1":{"start":{"line":2,"column":28},"end":{"line":2,"column":71}},"2":{"start":{"line":3,"column":25},"end":{"line":3,"column":65}},"3":{"start":{"line":5,"column":0},"end":{"line":110,"column":1}},"4":{"start":{"line":6,"column":4},"end":{"line":6,"column":25}},"5":{"start":{"line":7,"column":4},"end":{"line":109,"column":5}},"6":{"start":{"line":18,"column":12},"end":{"line":18,"column":20}},"7":{"start":{"line":23,"column":23},"end":{"line":36,"column":10}},"8":{"start":{"line":38,"column":8},"end":{"line":43,"column":9}},"9":{"start":{"line":39,"column":12},"end":{"line":42,"column":15}},"10":{"start":{"line":49,"column":8},"end":{"line":54,"column":9}},"11":{"start":{"line":50,"column":12},"end":{"line":53,"column":15}},"12":{"start":{"line":60,"column":8},"end":{"line":60,"column":44}},"13":{"start":{"line":61,"column":8},"end":{"line":61,"column":28}},"14":{"start":{"line":65,"column":23},"end":{"line":76,"column":10}},"15":{"start":{"line":78,"column":29},"end":{"line":81,"column":9}},"16":{"start":{"line":83,"column":8},"end":{"line":91,"column":9}},"17":{"start":{"line":84,"column":12},"end":{"line":90,"column":14}},"18":{"start":{"line":93,"column":8},"end":{"line":93,"column":41}},"19":{"start":{"line":94,"column":8},"end":{"line":94,"column":37}},"20":{"start":{"line":96,"column":8},"end":{"line":99,"column":10}},"21":{"start":{"line":103,"column":8},"end":{"line":103,"column":28}},"22":{"start":{"line":105,"column":8},"end":{"line":108,"column":10}},"23":{"start":{"line":113,"column":0},"end":{"line":132,"column":1}},"24":{"start":{"line":114,"column":4},"end":{"line":131,"column":5}},"25":{"start":{"line":115,"column":27},"end":{"line":115,"column":37}},"26":{"start":{"line":118,"column":24},"end":{"line":121,"column":10}},"27":{"start":{"line":123,"column":8},"end":{"line":123,"column":25}},"28":{"start":{"line":126,"column":8},"end":{"line":126,"column":28}},"29":{"start":{"line":127,"column":8},"end":{"line":130,"column":10}},"30":{"start":{"line":135,"column":0},"end":{"line":158,"column":1}},"31":{"start":{"line":136,"column":4},"end":{"line":157,"column":5}},"32":{"start":{"line":137,"column":23},"end":{"line":147,"column":10}},"33":{"start":{"line":149,"column":8},"end":{"line":149,"column":24}},"34":{"start":{"line":152,"column":8},"end":{"line":152,"column":28}},"35":{"start":{"line":153,"column":8},"end":{"line":156,"column":10}}},"fnMap":{"0":{"name":"(anonymous_0)","decl":{"start":{"line":5,"column":23},"end":{"line":5,"column":24}},"loc":{"start":{"line":5,"column":43},"end":{"line":110,"column":1}},"line":5},"1":{"name":"(anonymous_1)","decl":{"start":{"line":113,"column":21},"end":{"line":113,"column":22}},"loc":{"start":{"line":113,"column":41},"end":{"line":132,"column":1}},"line":113},"2":{"name":"(anonymous_2)","decl":{"start":{"line":135,"column":24},"end":{"line":135,"column":25}},"loc":{"start":{"line":135,"column":44},"end":{"line":158,"column":1}},"line":135}},"branchMap":{"0":{"loc":{"start":{"line":38,"column":8},"end":{"line":43,"column":9}},"type":"if","locations":[{"start":{"line":38,"column":8},"end":{"line":43,"column":9}},{"start":{},"end":{}}],"line":38},"1":{"loc":{"start":{"line":49,"column":8},"end":{"line":54,"column":9}},"type":"if","locations":[{"start":{"line":49,"column":8},"end":{"line":54,"column":9}},{"start":{},"end":{}}],"line":49},"2":{"loc":{"start":{"line":83,"column":8},"end":{"line":91,"column":9}},"type":"if","locations":[{"start":{"line":83,"column":8},"end":{"line":91,"column":9}},{"start":{},"end":{}}],"line":83},"3":{"loc":{"start":{"line":83,"column":12},"end":{"line":83,"column":53}},"type":"binary-expr","locations":[{"start":{"line":83,"column":12},"end":{"line":83,"column":24}},{"start":{"line":83,"column":28},"end":{"line":83,"column":53}}],"line":83}},"s":{"0":55,"1":55,"2":55,"3":55,"4":7,"5":7,"6":7,"7":7,"8":6,"9":1,"10":5,"11":1,"12":4,"13":4,"14":4,"15":4,"16":4,"17":2,"18":4,"19":4,"20":4,"21":1,"22":1,"23":55,"24":3,"25":3,"26":3,"27":2,"28":1,"29":1,"30":55,"31":1,"32":1,"33":1,"34":0,"35":0},"f":{"0":7,"1":3,"2":1},"b":{"0":[1,5],"1":[1,4],"2":[2,2],"3":[4,2]},"_coverageSchema":"1a1c01bbd47fc00a2c39e90264f33305004495a9","hash":"61416de8cad4b9582ca83a08aa197343ed6a52b7"}
,"/home/zero/Escritorio/INA/2026-1/1 - Proyecto Final/Proyecto Web/src/controllers/illness.controller.js": {"path":"/home/zero/Escritorio/INA/2026-1/1 - Proyecto Final/Proyecto Web/src/controllers/illness.controller.js","statementMap":{"0":{"start":{"line":1,"column":20},"end":{"line":1,"column":40}},"1":{"start":{"line":3,"column":0},"end":{"line":16,"column":1}},"2":{"start":{"line":5,"column":4},"end":{"line":14,"column":5}},"3":{"start":{"line":6,"column":26},"end":{"line":8,"column":10}},"4":{"start":{"line":9,"column":8},"end":{"line":9,"column":27}},"5":{"start":{"line":12,"column":8},"end":{"line":12,"column":28}},"6":{"start":{"line":13,"column":8},"end":{"line":13,"column":77}}},"fnMap":{"0":{"name":"(anonymous_0)","decl":{"start":{"line":3,"column":26},"end":{"line":3,"column":27}},"loc":{"start":{"line":3,"column":46},"end":{"line":16,"column":1}},"line":3}},"branchMap":{},"s":{"0":55,"1":55,"2":0,"3":0,"4":0,"5":0,"6":0},"f":{"0":0},"b":{},"_coverageSchema":"1a1c01bbd47fc00a2c39e90264f33305004495a9","hash":"3f06b0e09978814d6c7e64a6c13ad6a3b1d7ce1e"}
,"/home/zero/Escritorio/INA/2026-1/1 - Proyecto Final/Proyecto Web/src/controllers/user.controller.js": {"path":"/home/zero/Escritorio/INA/2026-1/1 - Proyecto Final/Proyecto Web/src/controllers/user.controller.js","statementMap":{"0":{"start":{"line":2,"column":26},"end":{"line":2,"column":46}},"1":{"start":{"line":3,"column":22},"end":{"line":3,"column":51}},"2":{"start":{"line":6,"column":0},"end":{"line":40,"column":1}},"3":{"start":{"line":8,"column":4},"end":{"line":39,"column":5}},"4":{"start":{"line":9,"column":21},"end":{"line":29,"column":10}},"5":{"start":{"line":31,"column":8},"end":{"line":33,"column":9}},"6":{"start":{"line":32,"column":12},"end":{"line":32,"column":91}},"7":{"start":{"line":34,"column":8},"end":{"line":34,"column":22}},"8":{"start":{"line":37,"column":8},"end":{"line":37,"column":28}},"9":{"start":{"line":38,"column":8},"end":{"line":38,"column":77}},"10":{"start":{"line":43,"column":0},"end":{"line":75,"column":1}},"11":{"start":{"line":45,"column":4},"end":{"line":74,"column":5}},"12":{"start":{"line":46,"column":21},"end":{"line":46,"column":55}},"13":{"start":{"line":48,"column":8},"end":{"line":50,"column":9}},"14":{"start":{"line":49,"column":12},"end":{"line":49,"column":91}},"15":{"start":{"line":52,"column":8},"end":{"line":52,"column":46}},"16":{"start":{"line":53,"column":8},"end":{"line":53,"column":58}},"17":{"start":{"line":54,"column":8},"end":{"line":54,"column":49}},"18":{"start":{"line":55,"column":8},"end":{"line":55,"column":46}},"19":{"start":{"line":56,"column":8},"end":{"line":56,"column":43}},"20":{"start":{"line":57,"column":8},"end":{"line":57,"column":61}},"21":{"start":{"line":58,"column":8},"end":{"line":58,"column":87}},"22":{"start":{"line":59,"column":8},"end":{"line":59,"column":49}},"23":{"start":{"line":61,"column":8},"end":{"line":61,"column":25}},"24":{"start":{"line":64,"column":8},"end":{"line":64,"column":33}},"25":{"start":{"line":66,"column":8},"end":{"line":69,"column":10}},"26":{"start":{"line":72,"column":8},"end":{"line":72,"column":28}},"27":{"start":{"line":73,"column":8},"end":{"line":73,"column":77}},"28":{"start":{"line":78,"column":0},"end":{"line":109,"column":1}},"29":{"start":{"line":79,"column":4},"end":{"line":108,"column":5}},"30":{"start":{"line":80,"column":22},"end":{"line":102,"column":10}},"31":{"start":{"line":104,"column":8},"end":{"line":104,"column":23}},"32":{"start":{"line":106,"column":8},"end":{"line":106,"column":28}},"33":{"start":{"line":107,"column":8},"end":{"line":107,"column":97}},"34":{"start":{"line":112,"column":0},"end":{"line":164,"column":1}},"35":{"start":{"line":114,"column":4},"end":{"line":162,"column":5}},"36":{"start":{"line":116,"column":49},"end":{"line":116,"column":57}},"37":{"start":{"line":118,"column":21},"end":{"line":118,"column":55}},"38":{"start":{"line":120,"column":8},"end":{"line":125,"column":9}},"39":{"start":{"line":121,"column":12},"end":{"line":124,"column":14}},"40":{"start":{"line":128,"column":30},"end":{"line":128,"column":71}},"41":{"start":{"line":130,"column":8},"end":{"line":135,"column":9}},"42":{"start":{"line":131,"column":12},"end":{"line":134,"column":14}},"43":{"start":{"line":145,"column":8},"end":{"line":145,"column":35}},"44":{"start":{"line":147,"column":8},"end":{"line":147,"column":25}},"45":{"start":{"line":149,"column":8},"end":{"line":151,"column":10}},"46":{"start":{"line":155,"column":8},"end":{"line":155,"column":28}},"47":{"start":{"line":157,"column":8},"end":{"line":160,"column":10}},"48":{"start":{"line":167,"column":0},"end":{"line":231,"column":1}},"49":{"start":{"line":169,"column":24},"end":{"line":169,"column":53}},"50":{"start":{"line":171,"column":4},"end":{"line":230,"column":5}},"51":{"start":{"line":172,"column":21},"end":{"line":172,"column":72}},"52":{"start":{"line":174,"column":8},"end":{"line":180,"column":9}},"53":{"start":{"line":175,"column":12},"end":{"line":175,"column":40}},"54":{"start":{"line":176,"column":12},"end":{"line":179,"column":14}},"55":{"start":{"line":183,"column":8},"end":{"line":193,"column":9}},"56":{"start":{"line":184,"column":26},"end":{"line":187,"column":14}},"57":{"start":{"line":189,"column":12},"end":{"line":192,"column":13}},"58":{"start":{"line":190,"column":16},"end":{"line":190,"column":35}},"59":{"start":{"line":191,"column":16},"end":{"line":191,"column":48}},"60":{"start":{"line":196,"column":8},"end":{"line":204,"column":9}},"61":{"start":{"line":197,"column":12},"end":{"line":203,"column":13}},"62":{"start":{"line":207,"column":8},"end":{"line":207,"column":41}},"63":{"start":{"line":208,"column":8},"end":{"line":208,"column":35}},"64":{"start":{"line":209,"column":8},"end":{"line":209,"column":55}},"65":{"start":{"line":210,"column":8},"end":{"line":210,"column":43}},"66":{"start":{"line":211,"column":8},"end":{"line":211,"column":23}},"67":{"start":{"line":212,"column":8},"end":{"line":212,"column":25}},"68":{"start":{"line":213,"column":8},"end":{"line":213,"column":29}},"69":{"start":{"line":214,"column":8},"end":{"line":214,"column":35}},"70":{"start":{"line":216,"column":8},"end":{"line":216,"column":40}},"71":{"start":{"line":217,"column":8},"end":{"line":217,"column":34}},"72":{"start":{"line":219,"column":8},"end":{"line":221,"column":10}},"73":{"start":{"line":224,"column":8},"end":{"line":224,"column":36}},"74":{"start":{"line":225,"column":8},"end":{"line":225,"column":28}},"75":{"start":{"line":226,"column":8},"end":{"line":229,"column":10}}},"fnMap":{"0":{"name":"(anonymous_0)","decl":{"start":{"line":6,"column":18},"end":{"line":6,"column":19}},"loc":{"start":{"line":6,"column":38},"end":{"line":40,"column":1}},"line":6},"1":{"name":"(anonymous_1)","decl":{"start":{"line":43,"column":21},"end":{"line":43,"column":22}},"loc":{"start":{"line":43,"column":41},"end":{"line":75,"column":1}},"line":43},"2":{"name":"(anonymous_2)","decl":{"start":{"line":78,"column":22},"end":{"line":78,"column":23}},"loc":{"start":{"line":78,"column":42},"end":{"line":109,"column":1}},"line":78},"3":{"name":"(anonymous_3)","decl":{"start":{"line":112,"column":25},"end":{"line":112,"column":26}},"loc":{"start":{"line":112,"column":45},"end":{"line":164,"column":1}},"line":112},"4":{"name":"(anonymous_4)","decl":{"start":{"line":167,"column":21},"end":{"line":167,"column":22}},"loc":{"start":{"line":167,"column":41},"end":{"line":231,"column":1}},"line":167}},"branchMap":{"0":{"loc":{"start":{"line":31,"column":8},"end":{"line":33,"column":9}},"type":"if","locations":[{"start":{"line":31,"column":8},"end":{"line":33,"column":9}},{"start":{},"end":{}}],"line":31},"1":{"loc":{"start":{"line":48,"column":8},"end":{"line":50,"column":9}},"type":"if","locations":[{"start":{"line":48,"column":8},"end":{"line":50,"column":9}},{"start":{},"end":{}}],"line":48},"2":{"loc":{"start":{"line":52,"column":20},"end":{"line":52,"column":46}},"type":"binary-expr","locations":[{"start":{"line":52,"column":20},"end":{"line":52,"column":33}},{"start":{"line":52,"column":37},"end":{"line":52,"column":46}}],"line":52},"3":{"loc":{"start":{"line":53,"column":24},"end":{"line":53,"column":58}},"type":"binary-expr","locations":[{"start":{"line":53,"column":24},"end":{"line":53,"column":41}},{"start":{"line":53,"column":45},"end":{"line":53,"column":58}}],"line":53},"4":{"loc":{"start":{"line":54,"column":21},"end":{"line":54,"column":49}},"type":"binary-expr","locations":[{"start":{"line":54,"column":21},"end":{"line":54,"column":35}},{"start":{"line":54,"column":39},"end":{"line":54,"column":49}}],"line":54},"5":{"loc":{"start":{"line":55,"column":20},"end":{"line":55,"column":46}},"type":"binary-expr","locations":[{"start":{"line":55,"column":20},"end":{"line":55,"column":33}},{"start":{"line":55,"column":37},"end":{"line":55,"column":46}}],"line":55},"6":{"loc":{"start":{"line":56,"column":19},"end":{"line":56,"column":43}},"type":"binary-expr","locations":[{"start":{"line":56,"column":19},"end":{"line":56,"column":31}},{"start":{"line":56,"column":35},"end":{"line":56,"column":43}}],"line":56},"7":{"loc":{"start":{"line":57,"column":25},"end":{"line":57,"column":61}},"type":"binary-expr","locations":[{"start":{"line":57,"column":25},"end":{"line":57,"column":43}},{"start":{"line":57,"column":47},"end":{"line":57,"column":61}}],"line":57},"8":{"loc":{"start":{"line":58,"column":23},"end":{"line":58,"column":87}},"type":"cond-expr","locations":[{"start":{"line":58,"column":56},"end":{"line":58,"column":72}},{"start":{"line":58,"column":75},"end":{"line":58,"column":87}}],"line":58},"9":{"loc":{"start":{"line":59,"column":21},"end":{"line":59,"column":49}},"type":"binary-expr","locations":[{"start":{"line":59,"column":21},"end":{"line":59,"column":35}},{"start":{"line":59,"column":39},"end":{"line":59,"column":49}}],"line":59},"10":{"loc":{"start":{"line":120,"column":8},"end":{"line":125,"column":9}},"type":"if","locations":[{"start":{"line":120,"column":8},"end":{"line":125,"column":9}},{"start":{},"end":{}}],"line":120},"11":{"loc":{"start":{"line":130,"column":8},"end":{"line":135,"column":9}},"type":"if","locations":[{"start":{"line":130,"column":8},"end":{"line":135,"column":9}},{"start":{},"end":{}}],"line":130},"12":{"loc":{"start":{"line":174,"column":8},"end":{"line":180,"column":9}},"type":"if","locations":[{"start":{"line":174,"column":8},"end":{"line":180,"column":9}},{"start":{},"end":{}}],"line":174},"13":{"loc":{"start":{"line":183,"column":8},"end":{"line":193,"column":9}},"type":"if","locations":[{"start":{"line":183,"column":8},"end":{"line":193,"column":9}},{"start":{},"end":{}}],"line":183},"14":{"loc":{"start":{"line":189,"column":12},"end":{"line":192,"column":13}},"type":"if","locations":[{"start":{"line":189,"column":12},"end":{"line":192,"column":13}},{"start":{},"end":{}}],"line":189},"15":{"loc":{"start":{"line":196,"column":8},"end":{"line":204,"column":9}},"type":"if","locations":[{"start":{"line":196,"column":8},"end":{"line":204,"column":9}},{"start":{},"end":{}}],"line":196}},"s":{"0":55,"1":55,"2":55,"3":3,"4":3,"5":2,"6":1,"7":1,"8":1,"9":1,"10":55,"11":5,"12":5,"13":4,"14":1,"15":3,"16":3,"17":3,"18":3,"19":3,"20":3,"21":3,"22":3,"23":3,"24":3,"25":3,"26":1,"27":1,"28":55,"29":2,"30":2,"31":1,"32":1,"33":1,"34":55,"35":4,"36":4,"37":4,"38":3,"39":1,"40":2,"41":2,"42":1,"43":1,"44":1,"45":1,"46":1,"47":1,"48":55,"49":5,"50":5,"51":5,"52":4,"53":1,"54":1,"55":3,"56":2,"57":2,"58":1,"59":1,"60":3,"61":1,"62":3,"63":3,"64":3,"65":3,"66":3,"67":3,"68":3,"69":3,"70":3,"71":3,"72":3,"73":1,"74":1,"75":1},"f":{"0":3,"1":5,"2":2,"3":4,"4":5},"b":{"0":[1,1],"1":[1,3],"2":[3,1],"3":[3,2],"4":[3,2],"5":[3,2],"6":[3,2],"7":[3,2],"8":[1,2],"9":[3,2],"10":[1,2],"11":[1,1],"12":[1,3],"13":[2,1],"14":[1,1],"15":[1,2]},"_coverageSchema":"1a1c01bbd47fc00a2c39e90264f33305004495a9","hash":"73be43c108efdc8dcc5bedf70773b04aca599b04"}
,"/home/zero/Escritorio/INA/2026-1/1 - Proyecto Final/Proyecto Web/src/middlewares/auth.middleware.js": {"path":"/home/zero/Escritorio/INA/2026-1/1 - Proyecto Final/Proyecto Web/src/middlewares/auth.middleware.js","statementMap":{"0":{"start":{"line":2,"column":0},"end":{"line":8,"column":1}},"1":{"start":{"line":4,"column":4},"end":{"line":6,"column":5}},"2":{"start":{"line":5,"column":8},"end":{"line":5,"column":21}},"3":{"start":{"line":7,"column":4},"end":{"line":7,"column":103}},"4":{"start":{"line":10,"column":0},"end":{"line":15,"column":1}},"5":{"start":{"line":11,"column":4},"end":{"line":13,"column":5}},"6":{"start":{"line":12,"column":8},"end":{"line":12,"column":21}},"7":{"start":{"line":14,"column":4},"end":{"line":14,"column":78}}},"fnMap":{"0":{"name":"(anonymous_0)","decl":{"start":{"line":2,"column":18},"end":{"line":2,"column":19}},"loc":{"start":{"line":2,"column":38},"end":{"line":8,"column":1}},"line":2},"1":{"name":"(anonymous_1)","decl":{"start":{"line":10,"column":25},"end":{"line":10,"column":26}},"loc":{"start":{"line":10,"column":45},"end":{"line":15,"column":1}},"line":10}},"branchMap":{"0":{"loc":{"start":{"line":4,"column":4},"end":{"line":6,"column":5}},"type":"if","locations":[{"start":{"line":4,"column":4},"end":{"line":6,"column":5}},{"start":{},"end":{}}],"line":4},"1":{"loc":{"start":{"line":4,"column":8},"end":{"line":4,"column":45}},"type":"binary-expr","locations":[{"start":{"line":4,"column":8},"end":{"line":4,"column":16}},{"start":{"line":4,"column":20},"end":{"line":4,"column":45}}],"line":4},"2":{"loc":{"start":{"line":11,"column":4},"end":{"line":13,"column":5}},"type":"if","locations":[{"start":{"line":11,"column":4},"end":{"line":13,"column":5}},{"start":{},"end":{}}],"line":11},"3":{"loc":{"start":{"line":11,"column":8},"end":{"line":11,"column":76}},"type":"binary-expr","locations":[{"start":{"line":11,"column":8},"end":{"line":11,"column":16}},{"start":{"line":11,"column":21},"end":{"line":11,"column":46}},{"start":{"line":11,"column":50},"end":{"line":11,"column":75}}],"line":11}},"s":{"0":55,"1":0,"2":0,"3":0,"4":55,"5":0,"6":0,"7":0},"f":{"0":0,"1":0},"b":{"0":[0,0],"1":[0,0],"2":[0,0],"3":[0,0,0]},"_coverageSchema":"1a1c01bbd47fc00a2c39e90264f33305004495a9","hash":"e8db8e7c3a0f7ed14471bf5e7f0e5275ffd9df5e"}
,"/home/zero/Escritorio/INA/2026-1/1 - Proyecto Final/Proyecto Web/src/models/Device.js": {"path":"/home/zero/Escritorio/INA/2026-1/1 - Proyecto Final/Proyecto Web/src/models/Device.js","statementMap":{"0":{"start":{"line":1,"column":22},"end":{"line":1,"column":42}},"1":{"start":{"line":2,"column":22},"end":{"line":2,"column":51}},"2":{"start":{"line":4,"column":15},"end":{"line":51,"column":1}},"3":{"start":{"line":53,"column":0},"end":{"line":53,"column":23}}},"fnMap":{},"branchMap":{},"s":{"0":59,"1":59,"2":59,"3":59},"f":{},"b":{},"_coverageSchema":"1a1c01bbd47fc00a2c39e90264f33305004495a9","hash":"725b0a9d63fd555c1afc3e2f9bc2e59af13ddb83"}
,"/home/zero/Escritorio/INA/2026-1/1 - Proyecto Final/Proyecto Web/src/models/HealthRecord.js": {"path":"/home/zero/Escritorio/INA/2026-1/1 - Proyecto Final/Proyecto Web/src/models/HealthRecord.js","statementMap":{"0":{"start":{"line":1,"column":22},"end":{"line":1,"column":42}},"1":{"start":{"line":2,"column":22},"end":{"line":2,"column":51}},"2":{"start":{"line":4,"column":21},"end":{"line":41,"column":2}},"3":{"start":{"line":43,"column":0},"end":{"line":43,"column":29}}},"fnMap":{},"branchMap":{},"s":{"0":59,"1":59,"2":59,"3":59},"f":{},"b":{},"_coverageSchema":"1a1c01bbd47fc00a2c39e90264f33305004495a9","hash":"481f082868a0d8b5cd6fac0ba1a5638943fc60b2"}
,"/home/zero/Escritorio/INA/2026-1/1 - Proyecto Final/Proyecto Web/src/models/Illness.js": {"path":"/home/zero/Escritorio/INA/2026-1/1 - Proyecto Final/Proyecto Web/src/models/Illness.js","statementMap":{"0":{"start":{"line":1,"column":22},"end":{"line":1,"column":42}},"1":{"start":{"line":2,"column":22},"end":{"line":2,"column":51}},"2":{"start":{"line":4,"column":16},"end":{"line":23,"column":2}},"3":{"start":{"line":25,"column":0},"end":{"line":25,"column":24}}},"fnMap":{},"branchMap":{},"s":{"0":59,"1":59,"2":59,"3":59},"f":{},"b":{},"_coverageSchema":"1a1c01bbd47fc00a2c39e90264f33305004495a9","hash":"2e7df41f2f4eb3274f59b0f806aca9a27be82e15"}
,"/home/zero/Escritorio/INA/2026-1/1 - Proyecto Final/Proyecto Web/src/models/User.js": {"path":"/home/zero/Escritorio/INA/2026-1/1 - Proyecto Final/Proyecto Web/src/models/User.js","statementMap":{"0":{"start":{"line":1,"column":22},"end":{"line":1,"column":42}},"1":{"start":{"line":2,"column":15},"end":{"line":2,"column":32}},"2":{"start":{"line":3,"column":22},"end":{"line":3,"column":51}},"3":{"start":{"line":5,"column":13},"end":{"line":78,"column":2}},"4":{"start":{"line":70,"column":12},"end":{"line":70,"column":64}},"5":{"start":{"line":73,"column":12},"end":{"line":75,"column":13}},"6":{"start":{"line":74,"column":16},"end":{"line":74,"column":68}},"7":{"start":{"line":81,"column":0},"end":{"line":83,"column":1}},"8":{"start":{"line":82,"column":4},"end":{"line":82,"column":56}},"9":{"start":{"line":85,"column":0},"end":{"line":85,"column":21}}},"fnMap":{"0":{"name":"(anonymous_0)","decl":{"start":{"line":69,"column":22},"end":{"line":69,"column":23}},"loc":{"start":{"line":69,"column":38},"end":{"line":71,"column":9}},"line":69},"1":{"name":"(anonymous_1)","decl":{"start":{"line":72,"column":22},"end":{"line":72,"column":23}},"loc":{"start":{"line":72,"column":38},"end":{"line":76,"column":9}},"line":72},"2":{"name":"(anonymous_2)","decl":{"start":{"line":81,"column":31},"end":{"line":81,"column":32}},"loc":{"start":{"line":81,"column":56},"end":{"line":83,"column":1}},"line":81}},"branchMap":{"0":{"loc":{"start":{"line":73,"column":12},"end":{"line":75,"column":13}},"type":"if","locations":[{"start":{"line":73,"column":12},"end":{"line":75,"column":13}},{"start":{},"end":{}}],"line":73}},"s":{"0":59,"1":59,"2":59,"3":59,"4":118,"5":6,"6":2,"7":59,"8":0,"9":59},"f":{"0":118,"1":6,"2":0},"b":{"0":[2,4]},"_coverageSchema":"1a1c01bbd47fc00a2c39e90264f33305004495a9","hash":"d442cc397967e555d0413594f982d9c9b6ca0a1d"}
,"/home/zero/Escritorio/INA/2026-1/1 - Proyecto Final/Proyecto Web/src/models/UserIllness.js": {"path":"/home/zero/Escritorio/INA/2026-1/1 - Proyecto Final/Proyecto Web/src/models/UserIllness.js","statementMap":{"0":{"start":{"line":1,"column":22},"end":{"line":1,"column":42}},"1":{"start":{"line":2,"column":22},"end":{"line":2,"column":51}},"2":{"start":{"line":4,"column":20},"end":{"line":14,"column":2}},"3":{"start":{"line":16,"column":0},"end":{"line":16,"column":28}}},"fnMap":{},"branchMap":{},"s":{"0":59,"1":59,"2":59,"3":59},"f":{},"b":{},"_coverageSchema":"1a1c01bbd47fc00a2c39e90264f33305004495a9","hash":"fef04248b2de01ccf489d5d9f8b3db3816a0a3b6"}
,"/home/zero/Escritorio/INA/2026-1/1 - Proyecto Final/Proyecto Web/src/models/index.js": {"path":"/home/zero/Escritorio/INA/2026-1/1 - Proyecto Final/Proyecto Web/src/models/index.js","statementMap":{"0":{"start":{"line":1,"column":13},"end":{"line":1,"column":30}},"1":{"start":{"line":2,"column":21},"end":{"line":2,"column":46}},"2":{"start":{"line":3,"column":16},"end":{"line":3,"column":36}},"3":{"start":{"line":4,"column":20},"end":{"line":4,"column":44}},"4":{"start":{"line":5,"column":15},"end":{"line":5,"column":34}},"5":{"start":{"line":13,"column":0},"end":{"line":16,"column":2}},"6":{"start":{"line":18,"column":0},"end":{"line":21,"column":2}},"7":{"start":{"line":25,"column":0},"end":{"line":30,"column":2}},"8":{"start":{"line":32,"column":0},"end":{"line":35,"column":2}},"9":{"start":{"line":42,"column":0},"end":{"line":47,"column":2}},"10":{"start":{"line":49,"column":0},"end":{"line":52,"column":2}},"11":{"start":{"line":60,"column":0},"end":{"line":65,"column":2}},"12":{"start":{"line":67,"column":0},"end":{"line":72,"column":2}},"13":{"start":{"line":81,"column":0},"end":{"line":86,"column":2}},"14":{"start":{"line":88,"column":0},"end":{"line":91,"column":2}},"15":{"start":{"line":94,"column":0},"end":{"line":94,"column":67}}},"fnMap":{},"branchMap":{},"s":{"0":59,"1":59,"2":59,"3":59,"4":59,"5":59,"6":59,"7":59,"8":59,"9":59,"10":59,"11":59,"12":59,"13":59,"14":59,"15":59},"f":{},"b":{},"_coverageSchema":"1a1c01bbd47fc00a2c39e90264f33305004495a9","hash":"2727c1da16670d6ec1a5e90c17833d42218d60c4"}
,"/home/zero/Escritorio/INA/2026-1/1 - Proyecto Final/Proyecto Web/src/routes/auth.routes.js": {"path":"/home/zero/Escritorio/INA/2026-1/1 - Proyecto Final/Proyecto Web/src/routes/auth.routes.js","statementMap":{"0":{"start":{"line":1,"column":16},"end":{"line":1,"column":34}},"1":{"start":{"line":2,"column":15},"end":{"line":2,"column":31}},"2":{"start":{"line":3,"column":19},"end":{"line":3,"column":60}},"3":{"start":{"line":6,"column":0},"end":{"line":6,"column":39}},"4":{"start":{"line":9,"column":0},"end":{"line":9,"column":45}},"5":{"start":{"line":11,"column":0},"end":{"line":11,"column":23}}},"fnMap":{},"branchMap":{},"s":{"0":55,"1":55,"2":55,"3":55,"4":55,"5":55},"f":{},"b":{},"_coverageSchema":"1a1c01bbd47fc00a2c39e90264f33305004495a9","hash":"f9cd1f801ddb44e1dcd66c3aa960ccf531d44195"}
,"/home/zero/Escritorio/INA/2026-1/1 - Proyecto Final/Proyecto Web/src/routes/carer.routes.js": {"path":"/home/zero/Escritorio/INA/2026-1/1 - Proyecto Final/Proyecto Web/src/routes/carer.routes.js","statementMap":{"0":{"start":{"line":1,"column":16},"end":{"line":1,"column":34}},"1":{"start":{"line":2,"column":15},"end":{"line":2,"column":31}},"2":{"start":{"line":3,"column":24},"end":{"line":3,"column":66}},"3":{"start":{"line":5,"column":36},"end":{"line":5,"column":77}},"4":{"start":{"line":8,"column":0},"end":{"line":8,"column":73}},"5":{"start":{"line":11,"column":0},"end":{"line":11,"column":103}},"6":{"start":{"line":13,"column":0},"end":{"line":13,"column":23}}},"fnMap":{},"branchMap":{},"s":{"0":55,"1":55,"2":55,"3":55,"4":55,"5":55,"6":55},"f":{},"b":{},"_coverageSchema":"1a1c01bbd47fc00a2c39e90264f33305004495a9","hash":"39308ac5e60ed1a72b57a9100b56e77d850d8758"}
,"/home/zero/Escritorio/INA/2026-1/1 - Proyecto Final/Proyecto Web/src/routes/device.routes.js": {"path":"/home/zero/Escritorio/INA/2026-1/1 - Proyecto Final/Proyecto Web/src/routes/device.routes.js","statementMap":{"0":{"start":{"line":1,"column":16},"end":{"line":1,"column":34}},"1":{"start":{"line":2,"column":15},"end":{"line":2,"column":31}},"2":{"start":{"line":4,"column":25},"end":{"line":4,"column":68}},"3":{"start":{"line":8,"column":0},"end":{"line":8,"column":45}},"4":{"start":{"line":12,"column":0},"end":{"line":12,"column":47}},"5":{"start":{"line":16,"column":0},"end":{"line":16,"column":48}},"6":{"start":{"line":20,"column":0},"end":{"line":20,"column":50}},"7":{"start":{"line":23,"column":0},"end":{"line":23,"column":57}},"8":{"start":{"line":26,"column":0},"end":{"line":26,"column":61}},"9":{"start":{"line":30,"column":0},"end":{"line":30,"column":53}},"10":{"start":{"line":32,"column":0},"end":{"line":32,"column":24}}},"fnMap":{},"branchMap":{},"s":{"0":55,"1":55,"2":55,"3":55,"4":55,"5":55,"6":55,"7":55,"8":55,"9":55,"10":55},"f":{},"b":{},"_coverageSchema":"1a1c01bbd47fc00a2c39e90264f33305004495a9","hash":"fa47f0ff8ff744655b651b0f1138b97dd5366a56"}
,"/home/zero/Escritorio/INA/2026-1/1 - Proyecto Final/Proyecto Web/src/routes/health.routes.js": {"path":"/home/zero/Escritorio/INA/2026-1/1 - Proyecto Final/Proyecto Web/src/routes/health.routes.js","statementMap":{"0":{"start":{"line":1,"column":16},"end":{"line":1,"column":34}},"1":{"start":{"line":2,"column":15},"end":{"line":2,"column":31}},"2":{"start":{"line":3,"column":25},"end":{"line":3,"column":68}},"3":{"start":{"line":6,"column":0},"end":{"line":6,"column":51}},"4":{"start":{"line":9,"column":0},"end":{"line":9,"column":56}},"5":{"start":{"line":12,"column":0},"end":{"line":12,"column":59}},"6":{"start":{"line":14,"column":0},"end":{"line":14,"column":23}}},"fnMap":{},"branchMap":{},"s":{"0":55,"1":55,"2":55,"3":55,"4":55,"5":55,"6":55},"f":{},"b":{},"_coverageSchema":"1a1c01bbd47fc00a2c39e90264f33305004495a9","hash":"0a31ce9286636b5e5b9afe2d27fc0bd6fce3fee9"}
,"/home/zero/Escritorio/INA/2026-1/1 - Proyecto Final/Proyecto Web/src/routes/illness.routes.js": {"path":"/home/zero/Escritorio/INA/2026-1/1 - Proyecto Final/Proyecto Web/src/routes/illness.routes.js","statementMap":{"0":{"start":{"line":1,"column":16},"end":{"line":1,"column":34}},"1":{"start":{"line":2,"column":15},"end":{"line":2,"column":31}},"2":{"start":{"line":3,"column":19},"end":{"line":3,"column":63}},"3":{"start":{"line":5,"column":0},"end":{"line":5,"column":43}},"4":{"start":{"line":7,"column":0},"end":{"line":7,"column":23}}},"fnMap":{},"branchMap":{},"s":{"0":55,"1":55,"2":55,"3":55,"4":55},"f":{},"b":{},"_coverageSchema":"1a1c01bbd47fc00a2c39e90264f33305004495a9","hash":"bd83fa488996c3bc882c0f4a6ad2ea7134b6c85f"}
,"/home/zero/Escritorio/INA/2026-1/1 - Proyecto Final/Proyecto Web/src/routes/user.routes.js": {"path":"/home/zero/Escritorio/INA/2026-1/1 - Proyecto Final/Proyecto Web/src/routes/user.routes.js","statementMap":{"0":{"start":{"line":1,"column":16},"end":{"line":1,"column":34}},"1":{"start":{"line":2,"column":15},"end":{"line":2,"column":31}},"2":{"start":{"line":3,"column":19},"end":{"line":3,"column":60}},"3":{"start":{"line":6,"column":0},"end":{"line":6,"column":39}},"4":{"start":{"line":9,"column":0},"end":{"line":9,"column":38}},"5":{"start":{"line":12,"column":0},"end":{"line":12,"column":54}},"6":{"start":{"line":15,"column":0},"end":{"line":15,"column":52}},"7":{"start":{"line":18,"column":0},"end":{"line":18,"column":41}},"8":{"start":{"line":20,"column":0},"end":{"line":20,"column":23}}},"fnMap":{},"branchMap":{},"s":{"0":55,"1":55,"2":55,"3":55,"4":55,"5":55,"6":55,"7":55,"8":55},"f":{},"b":{},"_coverageSchema":"1a1c01bbd47fc00a2c39e90264f33305004495a9","hash":"0dbcfcef04dd77f40283473a77d7608c2381413a"}
,"/home/zero/Escritorio/INA/2026-1/1 - Proyecto Final/Proyecto Web/src/services/fallState.service.js": {"path":"/home/zero/Escritorio/INA/2026-1/1 - Proyecto Final/Proyecto Web/src/services/fallState.service.js","statementMap":{"0":{"start":{"line":1,"column":18},"end":{"line":1,"column":20}},"1":{"start":{"line":3,"column":0},"end":{"line":18,"column":2}},"2":{"start":{"line":5,"column":26},"end":{"line":5,"column":54}},"3":{"start":{"line":8,"column":4},"end":{"line":11,"column":5}},"4":{"start":{"line":9,"column":8},"end":{"line":9,"column":35}},"5":{"start":{"line":10,"column":8},"end":{"line":10,"column":20}},"6":{"start":{"line":14,"column":4},"end":{"line":16,"column":5}},"7":{"start":{"line":15,"column":8},"end":{"line":15,"column":36}},"8":{"start":{"line":17,"column":4},"end":{"line":17,"column":17}},"9":{"start":{"line":21,"column":0},"end":{"line":23,"column":2}},"10":{"start":{"line":22,"column":4},"end":{"line":22,"column":65}},"11":{"start":{"line":22,"column":42},"end":{"line":22,"column":63}}},"fnMap":{"0":{"name":"(anonymous_0)","decl":{"start":{"line":3,"column":23},"end":{"line":3,"column":24}},"loc":{"start":{"line":3,"column":51},"end":{"line":18,"column":1}},"line":3},"1":{"name":"(anonymous_1)","decl":{"start":{"line":21,"column":16},"end":{"line":21,"column":17}},"loc":{"start":{"line":21,"column":22},"end":{"line":23,"column":1}},"line":21},"2":{"name":"(anonymous_2)","decl":{"start":{"line":22,"column":35},"end":{"line":22,"column":36}},"loc":{"start":{"line":22,"column":42},"end":{"line":22,"column":63}},"line":22}},"branchMap":{"0":{"loc":{"start":{"line":5,"column":26},"end":{"line":5,"column":54}},"type":"binary-expr","locations":[{"start":{"line":5,"column":26},"end":{"line":5,"column":45}},{"start":{"line":5,"column":49},"end":{"line":5,"column":54}}],"line":5},"1":{"loc":{"start":{"line":8,"column":4},"end":{"line":11,"column":5}},"type":"if","locations":[{"start":{"line":8,"column":4},"end":{"line":11,"column":5}},{"start":{},"end":{}}],"line":8},"2":{"loc":{"start":{"line":8,"column":8},"end":{"line":8,"column":38}},"type":"binary-expr","locations":[{"start":{"line":8,"column":8},"end":{"line":8,"column":22}},{"start":{"line":8,"column":26},"end":{"line":8,"column":38}}],"line":8},"3":{"loc":{"start":{"line":14,"column":4},"end":{"line":16,"column":5}},"type":"if","locations":[{"start":{"line":14,"column":4},"end":{"line":16,"column":5}},{"start":{},"end":{}}],"line":14}},"s":{"0":56,"1":56,"2":5,"3":5,"4":3,"5":3,"6":2,"7":2,"8":2,"9":56,"10":1,"11":0},"f":{"0":5,"1":1,"2":0},"b":{"0":[5,5],"1":[3,2],"2":[5,5],"3":[2,0]},"_coverageSchema":"1a1c01bbd47fc00a2c39e90264f33305004495a9","hash":"dde72f762daa6bc26f0b539805d665f2a35802e5"}
,"/home/zero/Escritorio/INA/2026-1/1 - Proyecto Final/Proyecto Web/src/services/notification.service.js": {"path":"/home/zero/Escritorio/INA/2026-1/1 - Proyecto Final/Proyecto Web/src/services/notification.service.js","statementMap":{"0":{"start":{"line":1,"column":14},"end":{"line":1,"column":30}},"1":{"start":{"line":2,"column":0},"end":{"line":2,"column":27}},"2":{"start":{"line":4,"column":0},"end":{"line":30,"column":1}},"3":{"start":{"line":6,"column":4},"end":{"line":29,"column":5}},"4":{"start":{"line":7,"column":23},"end":{"line":7,"column":48}},"5":{"start":{"line":10,"column":8},"end":{"line":10,"column":40}},"6":{"start":{"line":13,"column":8},"end":{"line":15,"column":9}},"7":{"start":{"line":14,"column":12},"end":{"line":14,"column":38}},"8":{"start":{"line":18,"column":12},"end":{"line":18,"column":123}},"9":{"start":{"line":20,"column":25},"end":{"line":20,"column":45}},"10":{"start":{"line":22,"column":8},"end":{"line":22,"column":39}},"11":{"start":{"line":24,"column":8},"end":{"line":24,"column":28}},"12":{"start":{"line":27,"column":8},"end":{"line":27,"column":48}},"13":{"start":{"line":28,"column":8},"end":{"line":28,"column":60}}},"fnMap":{"0":{"name":"(anonymous_0)","decl":{"start":{"line":4,"column":23},"end":{"line":4,"column":24}},"loc":{"start":{"line":4,"column":49},"end":{"line":30,"column":1}},"line":4}},"branchMap":{"0":{"loc":{"start":{"line":13,"column":8},"end":{"line":15,"column":9}},"type":"if","locations":[{"start":{"line":13,"column":8},"end":{"line":15,"column":9}},{"start":{},"end":{}}],"line":13},"1":{"loc":{"start":{"line":28,"column":22},"end":{"line":28,"column":59}},"type":"binary-expr","locations":[{"start":{"line":28,"column":22},"end":{"line":28,"column":42}},{"start":{"line":28,"column":46},"end":{"line":28,"column":59}}],"line":28}},"s":{"0":55,"1":55,"2":55,"3":2,"4":2,"5":2,"6":2,"7":0,"8":2,"9":2,"10":2,"11":2,"12":0,"13":0},"f":{"0":2},"b":{"0":[0,2],"1":[0,0]},"_coverageSchema":"1a1c01bbd47fc00a2c39e90264f33305004495a9","hash":"d846b5a2a65c217c91e779a80236902037f86994"}
}
