TN:
SF:src/app.js
FN:27,(anonymous_0)
FNF:1
FNH:1
FNDA:1,(anonymous_0)
DA:1,55
DA:2,55
DA:3,55
DA:4,55
DA:7,55
DA:8,55
DA:9,55
DA:10,55
DA:11,55
DA:12,55
DA:15,55
DA:16,55
DA:19,55
DA:20,55
DA:21,55
DA:22,55
DA:23,55
DA:24,55
DA:27,55
DA:28,1
DA:32,55
DA:35,55
LF:22
LH:22
BRF:0
BRH:0
end_of_record
TN:
SF:src/config/database.js
FN:48,(anonymous_0)
FN:61,(anonymous_1)
FNF:2
FNH:0
FNDA:0,(anonymous_0)
FNDA:0,(anonymous_1)
DA:1,59
DA:2,59
DA:3,59
DA:4,59
DA:7,59
DA:17,59
DA:18,59
DA:19,59
DA:29,0
DA:30,0
DA:48,59
DA:49,0
DA:50,0
DA:51,0
DA:53,0
DA:54,0
DA:61,59
DA:63,0
DA:64,0
DA:70,0
DA:72,0
DA:74,0
DA:81,0
DA:88,0
DA:95,0
DA:103,0
DA:105,0
DA:106,0
DA:112,0
DA:118,0
DA:124,0
DA:131,0
DA:134,0
DA:136,0
DA:137,0
DA:139,0
DA:142,0
DA:144,0
DA:145,0
DA:147,0
DA:148,0
DA:150,0
DA:153,0
DA:157,59
LF:44
LH:11
BRDA:9,0,0,59
BRDA:9,0,1,0
BRDA:17,1,0,59
BRDA:17,1,1,0
BRDA:63,2,0,0
BRDA:63,2,1,0
BRF:6
BRH:2
end_of_record
TN:
SF:src/controllers/auth.controller.js
FN:5,(anonymous_0)
FN:85,(anonymous_1)
FN:180,(anonymous_2)
FNF:3
FNH:3
FNDA:11,(anonymous_0)
FNDA:2,(anonymous_1)
FNDA:6,(anonymous_2)
DA:2,57
DA:3,57
DA:5,57
DA:7,11
DA:9,11
DA:11,11
DA:13,11
DA:14,1
DA:15,1
DA:22,10
DA:23,6
DA:24,1
DA:25,1
DA:33,9
DA:34,4
DA:35,1
DA:36,1
DA:44,8
DA:49,7
DA:50,1
DA:51,1
DA:58,6
DA:60,3
DA:65,3
DA:66,1
DA:67,1
DA:73,2
DA:84,2
DA:85,2
DA:90,1
DA:96,2
DA:98,2
DA:111,3
DA:119,3
DA:120,1
DA:121,1
DA:127,2
DA:128,1
DA:129,1
DA:136,1
DA:148,1
DA:150,1
DA:152,1
DA:154,1
DA:168,1
DA:169,1
DA:170,1
DA:180,57
DA:181,6
DA:183,6
DA:185,6
DA:186,1
DA:189,5
DA:192,4
DA:193,1
DA:200,3
DA:201,1
DA:208,2
DA:210,2
DA:211,1
DA:214,1
DA:226,1
DA:227,1
LF:63
LH:63
BRDA:13,0,0,1
BRDA:13,0,1,10
BRDA:13,1,0,11
BRDA:13,1,1,10
BRDA:13,1,2,10
BRDA:13,1,3,10
BRDA:22,2,0,6
BRDA:22,2,1,4
BRDA:22,3,0,10
BRDA:22,3,1,0
BRDA:23,4,0,1
BRDA:23,4,1,5
BRDA:23,5,0,6
BRDA:23,5,1,5
BRDA:33,6,0,4
BRDA:33,6,1,5
BRDA:34,7,0,1
BRDA:34,7,1,3
BRDA:34,8,0,4
BRDA:34,8,1,3
BRDA:49,9,0,1
BRDA:49,9,1,6
BRDA:58,10,0,3
BRDA:58,10,1,3
BRDA:58,11,0,6
BRDA:58,11,1,0
BRDA:65,12,0,1
BRDA:65,12,1,2
BRDA:84,13,0,1
BRDA:84,13,1,1
BRDA:84,14,0,2
BRDA:84,14,1,2
BRDA:88,15,0,2
BRDA:88,15,1,1
BRDA:119,16,0,1
BRDA:119,16,1,2
BRDA:127,17,0,1
BRDA:127,17,1,1
BRDA:185,18,0,1
BRDA:185,18,1,5
BRDA:185,19,0,6
BRDA:185,19,1,5
BRDA:192,20,0,1
BRDA:192,20,1,3
BRDA:200,21,0,1
BRDA:200,21,1,2
BRDA:210,22,0,1
BRDA:210,22,1,1
BRF:48
BRH:46
end_of_record
TN:
SF:src/controllers/carer.controller.js
FN:4,(anonymous_0)
FN:18,(anonymous_1)
FNF:2
FNH:1
FNDA:1,(anonymous_0)
FNDA:0,(anonymous_1)
DA:1,55
DA:4,55
DA:5,1
DA:6,1
DA:10,1
DA:12,0
DA:13,0
DA:18,55
DA:19,0
DA:20,0
DA:29,0
DA:30,0
DA:33,0
DA:35,0
DA:36,0
LF:15
LH:6
BRDA:29,0,0,0
BRDA:29,0,1,0
BRDA:29,1,0,0
BRDA:29,1,1,0
BRF:4
BRH:0
end_of_record
TN:
SF:src/controllers/device.controller.js
FN:7,(anonymous_0)
FN:34,(anonymous_1)
FN:66,(anonymous_2)
FN:119,(anonymous_3)
FN:170,(anonymous_4)
FN:221,(anonymous_5)
FN:256,(anonymous_6)
FNF:7
FNH:7
FNDA:1,(anonymous_0)
FNDA:3,(anonymous_1)
FNDA:5,(anonymous_2)
FNDA:5,(anonymous_3)
FNDA:5,(anonymous_4)
FNDA:3,(anonymous_5)
FNDA:4,(anonymous_6)
DA:1,55
DA:7,55
DA:9,1
DA:10,1
DA:18,1
DA:21,0
DA:22,0
DA:34,55
DA:36,3
DA:37,3
DA:44,3
DA:45,2
DA:50,1
DA:53,0
DA:54,0
DA:66,55
DA:68,5
DA:69,5
DA:72,5
DA:76,5
DA:77,1
DA:84,4
DA:86,2
DA:88,2
DA:89,1
DA:96,3
DA:103,2
DA:106,1
DA:107,1
DA:119,55
DA:121,5
DA:122,5
DA:124,4
DA:125,1
DA:131,3
DA:133,3
DA:134,2
DA:140,2
DA:141,1
DA:148,2
DA:149,2
DA:150,2
DA:151,2
DA:153,2
DA:155,2
DA:158,1
DA:159,1
DA:170,55
DA:172,5
DA:173,5
DA:175,4
DA:176,1
DA:182,3
DA:184,3
DA:185,1
DA:191,2
DA:192,1
DA:198,1
DA:199,1
DA:201,1
DA:203,1
DA:209,1
DA:210,1
DA:221,55
DA:223,3
DA:224,3
DA:226,2
DA:227,1
DA:233,1
DA:234,1
DA:236,1
DA:238,1
DA:243,1
DA:244,1
DA:256,55
DA:258,4
DA:259,4
DA:261,3
DA:262,1
DA:268,2
DA:269,1
DA:275,1
DA:277,1
DA:282,1
DA:283,1
LF:85
LH:81
BRDA:44,0,0,2
BRDA:44,0,1,1
BRDA:76,1,0,1
BRDA:76,1,1,4
BRDA:84,2,0,2
BRDA:84,2,1,2
BRDA:88,3,0,1
BRDA:88,3,1,1
BRDA:124,4,0,1
BRDA:124,4,1,3
BRDA:133,5,0,2
BRDA:133,5,1,1
BRDA:140,6,0,1
BRDA:140,6,1,1
BRDA:140,7,0,2
BRDA:140,7,1,2
BRDA:148,8,0,2
BRDA:148,8,1,1
BRDA:149,9,0,2
BRDA:149,9,1,0
BRDA:150,10,0,2
BRDA:150,10,1,2
BRDA:151,11,0,2
BRDA:151,11,1,1
BRDA:175,12,0,1
BRDA:175,12,1,3
BRDA:184,13,0,1
BRDA:184,13,1,2
BRDA:191,14,0,1
BRDA:191,14,1,1
BRDA:191,15,0,2
BRDA:191,15,1,1
BRDA:226,16,0,1
BRDA:226,16,1,1
BRDA:261,17,0,1
BRDA:261,17,1,2
BRDA:268,18,0,1
BRDA:268,18,1,1
BRF:38
BRH:37
end_of_record
TN:
SF:src/controllers/health.controller.js
FN:5,(anonymous_0)
FN:113,(anonymous_1)
FN:135,(anonymous_2)
FNF:3
FNH:3
FNDA:7,(anonymous_0)
FNDA:3,(anonymous_1)
FNDA:1,(anonymous_2)
DA:1,55
DA:2,55
DA:3,55
DA:5,55
DA:6,7
DA:7,7
DA:18,7
DA:23,7
DA:38,6
DA:39,1
DA:49,5
DA:50,1
DA:60,4
DA:61,4
DA:65,4
DA:78,4
DA:83,4
DA:84,2
DA:93,4
DA:94,4
DA:96,4
DA:103,1
DA:105,1
DA:113,55
DA:114,3
DA:115,3
DA:118,3
DA:123,2
DA:126,1
DA:127,1
DA:135,55
DA:136,1
DA:137,1
DA:149,1
DA:152,0
DA:153,0
LF:36
LH:34
BRDA:38,0,0,1
BRDA:38,0,1,5
BRDA:49,1,0,1
BRDA:49,1,1,4
BRDA:83,2,0,2
BRDA:83,2,1,2
BRDA:83,3,0,4
BRDA:83,3,1,2
BRF:8
BRH:8
end_of_record
TN:
SF:src/controllers/illness.controller.js
FN:3,(anonymous_0)
FNF:1
FNH:0
FNDA:0,(anonymous_0)
DA:1,55
DA:3,55
DA:5,0
DA:6,0
DA:9,0
DA:12,0
DA:13,0
LF:7
LH:2
BRF:0
BRH:0
end_of_record
TN:
SF:src/controllers/user.controller.js
FN:6,(anonymous_0)
FN:43,(anonymous_1)
FN:78,(anonymous_2)
FN:112,(anonymous_3)
FN:167,(anonymous_4)
FNF:5
FNH:5
FNDA:3,(anonymous_0)
FNDA:5,(anonymous_1)
FNDA:2,(anonymous_2)
FNDA:4,(anonymous_3)
FNDA:5,(anonymous_4)
DA:2,55
DA:3,55
DA:6,55
DA:8,3
DA:9,3
DA:31,2
DA:32,1
DA:34,1
DA:37,1
DA:38,1
DA:43,55
DA:45,5
DA:46,5
DA:48,4
DA:49,1
DA:52,3
DA:53,3
DA:54,3
DA:55,3
DA:56,3
DA:57,3
DA:58,3
DA:59,3
DA:61,3
DA:64,3
DA:66,3
DA:72,1
DA:73,1
DA:78,55
DA:79,2
DA:80,2
DA:104,1
DA:106,1
DA:107,1
DA:112,55
DA:114,4
DA:116,4
DA:118,4
DA:120,3
DA:121,1
DA:128,2
DA:130,2
DA:131,1
DA:145,1
DA:147,1
DA:149,1
DA:155,1
DA:157,1
DA:167,55
DA:169,5
DA:171,5
DA:172,5
DA:174,4
DA:175,1
DA:176,1
DA:183,3
DA:184,2
DA:189,2
DA:190,1
DA:191,1
DA:196,3
DA:197,1
DA:207,3
DA:208,3
DA:209,3
DA:210,3
DA:211,3
DA:212,3
DA:213,3
DA:214,3
DA:216,3
DA:217,3
DA:219,3
DA:224,1
DA:225,1
DA:226,1
LF:76
LH:76
BRDA:31,0,0,1
BRDA:31,0,1,1
BRDA:48,1,0,1
BRDA:48,1,1,3
BRDA:52,2,0,3
BRDA:52,2,1,1
BRDA:53,3,0,3
BRDA:53,3,1,2
BRDA:54,4,0,3
BRDA:54,4,1,2
BRDA:55,5,0,3
BRDA:55,5,1,2
BRDA:56,6,0,3
BRDA:56,6,1,2
BRDA:57,7,0,3
BRDA:57,7,1,2
BRDA:58,8,0,1
BRDA:58,8,1,2
BRDA:59,9,0,3
BRDA:59,9,1,2
BRDA:120,10,0,1
BRDA:120,10,1,2
BRDA:130,11,0,1
BRDA:130,11,1,1
BRDA:174,12,0,1
BRDA:174,12,1,3
BRDA:183,13,0,2
BRDA:183,13,1,1
BRDA:189,14,0,1
BRDA:189,14,1,1
BRDA:196,15,0,1
BRDA:196,15,1,2
BRF:32
BRH:32
end_of_record
TN:
SF:src/middlewares/auth.middleware.js
FN:2,(anonymous_0)
FN:10,(anonymous_1)
FNF:2
FNH:0
FNDA:0,(anonymous_0)
FNDA:0,(anonymous_1)
DA:2,55
DA:4,0
DA:5,0
DA:7,0
DA:10,55
DA:11,0
DA:12,0
DA:14,0
LF:8
LH:2
BRDA:4,0,0,0
BRDA:4,0,1,0
BRDA:4,1,0,0
BRDA:4,1,1,0
BRDA:11,2,0,0
BRDA:11,2,1,0
BRDA:11,3,0,0
BRDA:11,3,1,0
BRDA:11,3,2,0
BRF:9
BRH:0
end_of_record
TN:
SF:src/models/Device.js
FNF:0
FNH:0
DA:1,59
DA:2,59
DA:4,59
DA:53,59
LF:4
LH:4
BRF:0
BRH:0
end_of_record
TN:
SF:src/models/HealthRecord.js
FNF:0
FNH:0
DA:1,59
DA:2,59
DA:4,59
DA:43,59
LF:4
LH:4
BRF:0
BRH:0
end_of_record
TN:
SF:src/models/Illness.js
FNF:0
FNH:0
DA:1,59
DA:2,59
DA:4,59
DA:25,59
LF:4
LH:4
BRF:0
BRH:0
end_of_record
TN:
SF:src/models/User.js
FN:69,(anonymous_0)
FN:72,(anonymous_1)
FN:81,(anonymous_2)
FNF:3
FNH:2
FNDA:118,(anonymous_0)
FNDA:6,(anonymous_1)
FNDA:0,(anonymous_2)
DA:1,59
DA:2,59
DA:3,59
DA:5,59
DA:70,118
DA:73,6
DA:74,2
DA:81,59
DA:82,0
DA:85,59
LF:10
LH:9
BRDA:73,0,0,2
BRDA:73,0,1,4
BRF:2
BRH:2
end_of_record
TN:
SF:src/models/UserIllness.js
FNF:0
FNH:0
DA:1,59
DA:2,59
DA:4,59
DA:16,59
LF:4
LH:4
BRF:0
BRH:0
end_of_record
TN:
SF:src/models/index.js
FNF:0
FNH:0
DA:1,59
DA:2,59
DA:3,59
DA:4,59
DA:5,59
DA:13,59
DA:18,59
DA:25,59
DA:32,59
DA:42,59
DA:49,59
DA:60,59
DA:67,59
DA:81,59
DA:88,59
DA:94,59
LF:16
LH:16
BRF:0
BRH:0
end_of_record
TN:
SF:src/routes/auth.routes.js
FNF:0
FNH:0
DA:1,55
DA:2,55
DA:3,55
DA:6,55
DA:9,55
DA:11,55
LF:6
LH:6
BRF:0
BRH:0
end_of_record
TN:
SF:src/routes/carer.routes.js
FNF:0
FNH:0
DA:1,55
DA:2,55
DA:3,55
DA:5,55
DA:8,55
DA:11,55
DA:13,55
LF:7
LH:7
BRF:0
BRH:0
end_of_record
TN:
SF:src/routes/device.routes.js
FNF:0
FNH:0
DA:1,55
DA:2,55
DA:4,55
DA:8,55
DA:12,55
DA:16,55
DA:20,55
DA:23,55
DA:26,55
DA:30,55
DA:32,55
LF:11
LH:11
BRF:0
BRH:0
end_of_record
TN:
SF:src/routes/health.routes.js
FNF:0
FNH:0
DA:1,55
DA:2,55
DA:3,55
DA:6,55
DA:9,55
DA:12,55
DA:14,55
LF:7
LH:7
BRF:0
BRH:0
end_of_record
TN:
SF:src/routes/illness.routes.js
FNF:0
FNH:0
DA:1,55
DA:2,55
DA:3,55
DA:5,55
DA:7,55
LF:5
LH:5
BRF:0
BRH:0
end_of_record
TN:
SF:src/routes/user.routes.js
FNF:0
FNH:0
DA:1,55
DA:2,55
DA:3,55
DA:6,55
DA:9,55
DA:12,55
DA:15,55
DA:18,55
DA:20,55
LF:9
LH:9
BRF:0
BRH:0
end_of_record
TN:
SF:src/services/fallState.service.js
FN:3,(anonymous_0)
FN:21,(anonymous_1)
FN:22,(anonymous_2)
FNF:3
FNH:2
FNDA:5,(anonymous_0)
FNDA:1,(anonymous_1)
FNDA:0,(anonymous_2)
DA:1,56
DA:3,56
DA:5,5
DA:8,5
DA:9,3
DA:10,3
DA:14,2
DA:15,2
DA:17,2
DA:21,56
DA:22,1
LF:11
LH:11
BRDA:5,0,0,5
BRDA:5,0,1,5
BRDA:8,1,0,3
BRDA:8,1,1,2
BRDA:8,2,0,5
BRDA:8,2,1,5
BRDA:14,3,0,2
BRDA:14,3,1,0
BRF:8
BRH:7
end_of_record
TN:
SF:src/services/notification.service.js
FN:4,(anonymous_0)
FNF:1
FNH:1
FNDA:2,(anonymous_0)
DA:1,55
DA:2,55
DA:4,55
DA:6,2
DA:7,2
DA:10,2
DA:13,2
DA:14,0
DA:18,2
DA:20,2
DA:22,2
DA:24,2
DA:27,0
DA:28,0
LF:14
LH:11
BRDA:13,0,0,0
BRDA:13,0,1,2
BRDA:28,1,0,0
BRDA:28,1,1,0
BRF:4
BRH:1
end_of_record
